#
# There is insufficient memory for the Java Runtime Environment to continue.
# Native memory allocation (malloc) failed to allocate 2079296 bytes for Chunk::new
# Possible reasons:
#   The system is out of physical RAM or swap space
#   The process is running with CompressedOops enabled, and the Java Heap may be blocking the growth of the native heap
# Possible solutions:
#   Reduce memory load on the system
#   Increase physical memory or swap space
#   Check if swap backing store is full
#   Decrease Java heap size (-Xmx/-Xms)
#   Decrease number of Java threads
#   Decrease Java thread stack sizes (-Xss)
#   Set larger code cache with -XX:ReservedCodeCacheSize=
#   JVM is running with Unscaled Compressed Oops mode in which the Java heap is
#     placed in the first 4GB address space. The Java Heap base address is the
#     maximum limit for the native heap growth. Please use -XX:HeapBaseMinAddress
#     to set the Java Heap base and to place the Java Heap above 4GB virtual address.
# This output file may be truncated or incomplete.
#
#  Out of Memory Error (allocation.cpp:389), pid=2896, tid=0x00000000000048f4
#
# JRE version: OpenJDK Runtime Environment (8.0_242-b01) (build 1.8.0_242-release-1644-b01)
# Java VM: OpenJDK 64-Bit Server VM (25.242-b01 mixed mode windows-amd64 compressed oops)
# Failed to write core dump. Minidumps are not enabled by default on client versions of Windows
#

---------------  T H R E A D  ---------------

Current thread (0x00000000178d9000):  JavaThread "C2 CompilerThread0" daemon [_thread_in_native, id=18676, stack(0x0000000018f20000,0x0000000019020000)]

Stack: [0x0000000018f20000,0x0000000019020000]
[error occurred during error reporting (printing stack bounds), id 0xc0000005]

Native frames: (J=compiled Java code, j=interpreted, Vv=VM code, C=native code)


Current CompileTask:
C2:  11637 3947       4       java.security.SecureClassLoader::defineClass (16 bytes)


---------------  P R O C E S S  ---------------

Java Threads: ( => current thread )
  0x000000001dee4800 JavaThread "Cache worker for Build Output Cleanup Cache (C:\Users\11bud\AndroidStudioProjects\LoginScreen\.gradle\buildOutputCleanup)" [_thread_blocked, id=2284, stack(0x00000000230e0000,0x00000000231e0000)]
  0x000000001ae9d000 JavaThread "Cache worker for file content cache (C:\Users\11bud\.gradle\caches\6.5\fileContent)" [_thread_blocked, id=15952, stack(0x0000000022fe0000,0x00000000230e0000)]
  0x000000001ae9a800 JavaThread "Cache worker for execution history cache (C:\Users\11bud\.gradle\caches\6.5\executionHistory)" [_thread_blocked, id=17844, stack(0x0000000022ae0000,0x0000000022be0000)]
  0x000000001ae9a000 JavaThread "Cache worker for cache directory md-rule (C:\Users\11bud\.gradle\caches\6.5\md-rule)" [_thread_blocked, id=8928, stack(0x00000000227e0000,0x00000000228e0000)]
  0x000000001ae92800 JavaThread "Cache worker for cache directory md-supplier (C:\Users\11bud\.gradle\caches\6.5\md-supplier)" [_thread_blocked, id=9768, stack(0x00000000226e0000,0x00000000227e0000)]
  0x000000001ae98800 JavaThread "Cache worker for checksums cache (C:\Users\11bud\AndroidStudioProjects\LoginScreen\.gradle\checksums)" [_thread_blocked, id=15432, stack(0x00000000225e0000,0x00000000226e0000)]
  0x000000001ae99000 JavaThread "jar transforms Thread 20" [_thread_blocked, id=18912, stack(0x00000000221e0000,0x00000000222e0000)]
  0x000000001ae91000 JavaThread "jar transforms Thread 19" [_thread_blocked, id=14424, stack(0x00000000220e0000,0x00000000221e0000)]
  0x000000001ae97800 JavaThread "jar transforms Thread 18" [_thread_blocked, id=15940, stack(0x0000000021fe0000,0x00000000220e0000)]
  0x000000001ae97000 JavaThread "jar transforms Thread 17" [_thread_blocked, id=10920, stack(0x0000000021ee0000,0x0000000021fe0000)]
  0x000000001ae8f800 JavaThread "jar transforms Thread 16" [_thread_blocked, id=16624, stack(0x0000000021de0000,0x0000000021ee0000)]
  0x000000001ae96000 JavaThread "jar transforms Thread 15" [_thread_blocked, id=18664, stack(0x0000000021ce0000,0x0000000021de0000)]
  0x000000001ae93000 JavaThread "jar transforms Thread 14" [_thread_blocked, id=16952, stack(0x0000000021be0000,0x0000000021ce0000)]
  0x000000001ae94000 JavaThread "jar transforms Thread 13" [_thread_blocked, id=14776, stack(0x0000000021ae0000,0x0000000021be0000)]
  0x000000001ae8e800 JavaThread "jar transforms Thread 12" [_thread_blocked, id=14536, stack(0x00000000219e0000,0x0000000021ae0000)]
  0x000000001ae91800 JavaThread "jar transforms Thread 11" [_thread_blocked, id=5136, stack(0x00000000218e0000,0x00000000219e0000)]
  0x000000001ae95800 JavaThread "jar transforms Thread 10" [_thread_blocked, id=14920, stack(0x00000000217e0000,0x00000000218e0000)]
  0x000000001ae94800 JavaThread "jar transforms Thread 9" [_thread_blocked, id=11816, stack(0x00000000216e0000,0x00000000217e0000)]
  0x000000001ae90000 JavaThread "jar transforms Thread 8" [_thread_blocked, id=18020, stack(0x00000000215e0000,0x00000000216e0000)]
  0x0000000019af7800 JavaThread "jar transforms Thread 7" [_thread_blocked, id=11400, stack(0x00000000214e0000,0x00000000215e0000)]
  0x0000000019af6800 JavaThread "jar transforms Thread 6" [_thread_blocked, id=19156, stack(0x0000000021140000,0x0000000021240000)]
  0x0000000019afd800 JavaThread "jar transforms Thread 5" [_thread_blocked, id=12740, stack(0x0000000021040000,0x0000000021140000)]
  0x0000000019afc800 JavaThread "jar transforms Thread 4" [_thread_blocked, id=16032, stack(0x000000001fde0000,0x000000001fee0000)]
  0x0000000019afb000 JavaThread "jar transforms Thread 3" [_thread_blocked, id=9504, stack(0x000000001fce0000,0x000000001fde0000)]
  0x0000000019afc000 JavaThread "jar transforms Thread 2" [_thread_blocked, id=1456, stack(0x000000001fbe0000,0x000000001fce0000)]
  0x0000000019afa800 JavaThread "jar transforms" [_thread_blocked, id=2444, stack(0x000000001fae0000,0x000000001fbe0000)]
  0x0000000019af9800 JavaThread "Cache worker for file hash cache (C:\Users\11bud\AndroidStudioProjects\LoginScreen\.gradle\6.5\fileHashes)" [_thread_blocked, id=8116, stack(0x0000000020f40000,0x0000000021040000)]
  0x0000000019af9000 JavaThread "Cache worker for file hash cache (C:\Users\11bud\.gradle\caches\6.5\fileHashes)" [_thread_blocked, id=9316, stack(0x000000001d840000,0x000000001d940000)]
  0x0000000019af8000 JavaThread "File lock request listener" [_thread_in_native, id=19424, stack(0x000000001d740000,0x000000001d840000)]
  0x000000001b2e2800 JavaThread "Cache worker for journal cache (C:\Users\11bud\.gradle\caches\journal-1)" [_thread_blocked, id=18824, stack(0x000000001d640000,0x000000001d740000)]
  0x000000001b312800 JavaThread "Thread-9" [_thread_blocked, id=10952, stack(0x000000001d340000,0x000000001d440000)]
  0x000000001b26d800 JavaThread "Stdin handler" [_thread_blocked, id=18892, stack(0x000000001d240000,0x000000001d340000)]
  0x000000001b268000 JavaThread "Asynchronous log dispatcher for DefaultDaemonConnection: socket connection from /127.0.0.1:54352 to /127.0.0.1:54353" [_thread_blocked, id=19324, stack(0x000000001d140000,0x000000001d240000)]
  0x000000001b265000 JavaThread "Daemon worker" [_thread_in_native, id=14072, stack(0x000000001d040000,0x000000001d140000)]
  0x000000001b263800 JavaThread "Cancel handler" [_thread_blocked, id=13296, stack(0x000000001cf40000,0x000000001d040000)]
  0x000000001b24d800 JavaThread "Handler for socket connection from /127.0.0.1:54352 to /127.0.0.1:54353" [_thread_in_native, id=18040, stack(0x000000001ce40000,0x000000001cf40000)]
  0x000000001b248800 JavaThread "Daemon" [_thread_blocked, id=1068, stack(0x000000001cb40000,0x000000001cc40000)]
  0x0000000019bae800 JavaThread "Daemon periodic checks" [_thread_blocked, id=16860, stack(0x000000001ca40000,0x000000001cb40000)]
  0x000000001b1e8000 JavaThread "Incoming local TCP Connector on port 54352" [_thread_in_native, id=5028, stack(0x000000001c800000,0x000000001c900000)]
  0x000000001af06800 JavaThread "Daemon health stats" [_thread_blocked, id=6688, stack(0x000000001c1c0000,0x000000001c2c0000)]
  0x000000001792e000 JavaThread "Service Thread" daemon [_thread_blocked, id=17640, stack(0x0000000019620000,0x0000000019720000)]
  0x00000000178e4800 JavaThread "C1 CompilerThread2" daemon [_thread_blocked, id=18312, stack(0x0000000019120000,0x0000000019220000)]
  0x00000000178dc800 JavaThread "C2 CompilerThread1" daemon [_thread_in_native, id=13952, stack(0x0000000019020000,0x0000000019120000)]
=>0x00000000178d9000 JavaThread "C2 CompilerThread0" daemon [_thread_in_native, id=18676, stack(0x0000000018f20000,0x0000000019020000)]
  0x00000000178d7000 JavaThread "Attach Listener" daemon [_thread_blocked, id=19240, stack(0x0000000018e20000,0x0000000018f20000)]
  0x00000000178d3000 JavaThread "Signal Dispatcher" daemon [_thread_blocked, id=18476, stack(0x0000000018d20000,0x0000000018e20000)]
  0x0000000002cad800 JavaThread "Finalizer" daemon [_thread_blocked, id=17348, stack(0x0000000018b20000,0x0000000018c20000)]
  0x00000000178b9000 JavaThread "Reference Handler" daemon [_thread_blocked, id=12352, stack(0x0000000018a20000,0x0000000018b20000)]
  0x0000000002a3d800 JavaThread "main" [_thread_blocked, id=14848, stack(0x0000000002ab0000,0x0000000002bb0000)]

Other Threads:
  0x0000000017896000 VMThread [stack: 0x0000000018920000,0x0000000018a20000] [id=9728]
  0x0000000019250800 WatcherThread [stack: 0x0000000019720000,0x0000000019820000] [id=7912]

VM state:not at safepoint (normal execution)

VM Mutex/Monitor currently owned by a thread: None

heap address: 0x0000000080000000, size: 2048 MB, Compressed Oops mode: 32-bit
Narrow klass base: 0x0000000000000000, Narrow klass shift: 3
Compressed class space size: 1073741824 Address: 0x0000000100000000

Heap:
 PSYoungGen      total 138240K, used 22136K [0x00000000d5580000, 0x00000000de780000, 0x0000000100000000)
  eden space 126976K, 8% used [0x00000000d5580000,0x00000000d6020b70,0x00000000dd180000)
  from space 11264K, 99% used [0x00000000dd180000,0x00000000ddc7d550,0x00000000ddc80000)
  to   space 10752K, 0% used [0x00000000ddd00000,0x00000000ddd00000,0x00000000de780000)
 ParOldGen       total 73216K, used 15111K [0x0000000080000000, 0x0000000084780000, 0x00000000d5580000)
  object space 73216K, 20% used [0x0000000080000000,0x0000000080ec1dd0,0x0000000084780000)
 Metaspace       used 41570K, capacity 43294K, committed 43608K, reserved 1087488K
  class space    used 5584K, capacity 5933K, committed 6016K, reserved 1048576K

Card table byte_map: [0x0000000012070000,0x0000000012480000] byte_map_base: 0x0000000011c70000

Marking Bits: (ParMarkBitMap*) 0x0000000063e8f030
 Begin Bits: [0x0000000012b30000, 0x0000000014b30000)
 End Bits:   [0x0000000014b30000, 0x0000000016b30000)

Polling page: 0x00000000009f0000

CodeCache: size=245760Kb used=14173Kb max_used=15262Kb free=231586Kb
 bounds [0x0000000002cb0000, 0x0000000003bb0000, 0x0000000011cb0000]
 total_blobs=4437 nmethods=3700 adapters=648
 compilation: enabled

Compilation events (10 events):
Event: 11.631 Thread 0x00000000178e4800 nmethod 3969 0x0000000002dd8050 code [0x0000000002dd8240, 0x0000000002dd8b98]
Event: 11.631 Thread 0x00000000178e4800 3970       3       com.google.common.collect.ImmutableList::construct (8 bytes)
Event: 11.632 Thread 0x00000000178e4800 nmethod 3970 0x0000000002e6dc10 code [0x0000000002e6dde0, 0x0000000002e6e4a8]
Event: 11.632 Thread 0x00000000178e4800 3971       3       org.gradle.api.internal.artifacts.ivyservice.modulecache.StringDeduplicatingDecoder::readString (22 bytes)
Event: 11.633 Thread 0x00000000178e4800 nmethod 3971 0x0000000002e48bd0 code [0x0000000002e48d60, 0x0000000002e49138]
Event: 11.633 Thread 0x00000000178e4800 3972       3       com.esotericsoftware.kryo.io.Input::readVarInt (192 bytes)
Event: 11.633 Thread 0x00000000178e4800 nmethod 3972 0x0000000002e4cf10 code [0x0000000002e4d0a0, 0x0000000002e4d558]
Event: 11.634 Thread 0x00000000178e4800 3973       3       com.google.common.collect.ImmutableList::copyOf (44 bytes)
Event: 11.635 Thread 0x00000000178e4800 nmethod 3973 0x00000000030767d0 code [0x0000000003076a60, 0x0000000003077b88]
Event: 11.635 Thread 0x00000000178e4800 3974   !   3       org.gradle.internal.serialize.kryo.KryoBackedDecoder::readNullableString (15 bytes)

GC Heap History (10 events):
Event: 3.936 GC heap before
{Heap before GC invocations=7 (full 1):
 PSYoungGen      total 137728K, used 5801K [0x00000000d5580000, 0x00000000de780000, 0x0000000100000000)
  eden space 126976K, 0% used [0x00000000d5580000,0x00000000d5580000,0x00000000dd180000)
  from space 10752K, 53% used [0x00000000ddd00000,0x00000000de2aa508,0x00000000de780000)
  to   space 11264K, 0% used [0x00000000dd180000,0x00000000dd180000,0x00000000ddc80000)
 ParOldGen       total 84992K, used 9009K [0x0000000080000000, 0x0000000085300000, 0x00000000d5580000)
  object space 84992K, 10% used [0x0000000080000000,0x00000000808cc7e8,0x0000000085300000)
 Metaspace       used 20463K, capacity 21154K, committed 21248K, reserved 1067008K
  class space    used 2855K, capacity 3035K, committed 3072K, reserved 1048576K
Event: 3.982 GC heap after
Heap after GC invocations=7 (full 1):
 PSYoungGen      total 137728K, used 0K [0x00000000d5580000, 0x00000000de780000, 0x0000000100000000)
  eden space 126976K, 0% used [0x00000000d5580000,0x00000000d5580000,0x00000000dd180000)
  from space 10752K, 0% used [0x00000000ddd00000,0x00000000ddd00000,0x00000000de780000)
  to   space 11264K, 0% used [0x00000000dd180000,0x00000000dd180000,0x00000000ddc80000)
 ParOldGen       total 55808K, used 11655K [0x0000000080000000, 0x0000000083680000, 0x00000000d5580000)
  object space 55808K, 20% used [0x0000000080000000,0x0000000080b61cb0,0x0000000083680000)
 Metaspace       used 20463K, capacity 21154K, committed 21248K, reserved 1067008K
  class space    used 2855K, capacity 3035K, committed 3072K, reserved 1048576K
}
Event: 5.894 GC heap before
{Heap before GC invocations=8 (full 1):
 PSYoungGen      total 137728K, used 126976K [0x00000000d5580000, 0x00000000de780000, 0x0000000100000000)
  eden space 126976K, 100% used [0x00000000d5580000,0x00000000dd180000,0x00000000dd180000)
  from space 10752K, 0% used [0x00000000ddd00000,0x00000000ddd00000,0x00000000de780000)
  to   space 11264K, 0% used [0x00000000dd180000,0x00000000dd180000,0x00000000ddc80000)
 ParOldGen       total 55808K, used 11655K [0x0000000080000000, 0x0000000083680000, 0x00000000d5580000)
  object space 55808K, 20% used [0x0000000080000000,0x0000000080b61cb0,0x0000000083680000)
 Metaspace       used 32088K, capacity 33232K, committed 33408K, reserved 1077248K
  class space    used 4341K, capacity 4653K, committed 4736K, reserved 1048576K
Event: 5.912 GC heap after
Heap after GC invocations=8 (full 1):
 PSYoungGen      total 138240K, used 11238K [0x00000000d5580000, 0x00000000de780000, 0x0000000100000000)
  eden space 126976K, 0% used [0x00000000d5580000,0x00000000d5580000,0x00000000dd180000)
  from space 11264K, 99% used [0x00000000dd180000,0x00000000ddc79bd0,0x00000000ddc80000)
  to   space 10752K, 0% used [0x00000000ddd00000,0x00000000ddd00000,0x00000000de780000)
 ParOldGen       total 55808K, used 12805K [0x0000000080000000, 0x0000000083680000, 0x00000000d5580000)
  object space 55808K, 22% used [0x0000000080000000,0x0000000080c81560,0x0000000083680000)
 Metaspace       used 32088K, capacity 33232K, committed 33408K, reserved 1077248K
  class space    used 4341K, capacity 4653K, committed 4736K, reserved 1048576K
}
Event: 6.637 GC heap before
{Heap before GC invocations=9 (full 1):
 PSYoungGen      total 138240K, used 38762K [0x00000000d5580000, 0x00000000de780000, 0x0000000100000000)
  eden space 126976K, 21% used [0x00000000d5580000,0x00000000d7060cc8,0x00000000dd180000)
  from space 11264K, 99% used [0x00000000dd180000,0x00000000ddc79bd0,0x00000000ddc80000)
  to   space 10752K, 0% used [0x00000000ddd00000,0x00000000ddd00000,0x00000000de780000)
 ParOldGen       total 55808K, used 12805K [0x0000000080000000, 0x0000000083680000, 0x00000000d5580000)
  object space 55808K, 22% used [0x0000000080000000,0x0000000080c81560,0x0000000083680000)
 Metaspace       used 34180K, capacity 35338K, committed 35416K, reserved 1079296K
  class space    used 4607K, capacity 4916K, committed 4992K, reserved 1048576K
Event: 6.651 GC heap after
Heap after GC invocations=9 (full 1):
 PSYoungGen      total 137728K, used 7881K [0x00000000d5580000, 0x00000000de780000, 0x0000000100000000)
  eden space 126976K, 0% used [0x00000000d5580000,0x00000000d5580000,0x00000000dd180000)
  from space 10752K, 73% used [0x00000000ddd00000,0x00000000de4b2670,0x00000000de780000)
  to   space 11264K, 0% used [0x00000000dd180000,0x00000000dd180000,0x00000000ddc80000)
 ParOldGen       total 55808K, used 12813K [0x0000000080000000, 0x0000000083680000, 0x00000000d5580000)
  object space 55808K, 22% used [0x0000000080000000,0x0000000080c83560,0x0000000083680000)
 Metaspace       used 34180K, capacity 35338K, committed 35416K, reserved 1079296K
  class space    used 4607K, capacity 4916K, committed 4992K, reserved 1048576K
}
Event: 6.651 GC heap before
{Heap before GC invocations=10 (full 2):
 PSYoungGen      total 137728K, used 7881K [0x00000000d5580000, 0x00000000de780000, 0x0000000100000000)
  eden space 126976K, 0% used [0x00000000d5580000,0x00000000d5580000,0x00000000dd180000)
  from space 10752K, 73% used [0x00000000ddd00000,0x00000000de4b2670,0x00000000de780000)
  to   space 11264K, 0% used [0x00000000dd180000,0x00000000dd180000,0x00000000ddc80000)
 ParOldGen       total 55808K, used 12813K [0x0000000080000000, 0x0000000083680000, 0x00000000d5580000)
  object space 55808K, 22% used [0x0000000080000000,0x0000000080c83560,0x0000000083680000)
 Metaspace       used 34180K, capacity 35338K, committed 35416K, reserved 1079296K
  class space    used 4607K, capacity 4916K, committed 4992K, reserved 1048576K
Event: 6.729 GC heap after
Heap after GC invocations=10 (full 2):
 PSYoungGen      total 137728K, used 0K [0x00000000d5580000, 0x00000000de780000, 0x0000000100000000)
  eden space 126976K, 0% used [0x00000000d5580000,0x00000000d5580000,0x00000000dd180000)
  from space 10752K, 0% used [0x00000000ddd00000,0x00000000ddd00000,0x00000000de780000)
  to   space 11264K, 0% used [0x00000000dd180000,0x00000000dd180000,0x00000000ddc80000)
 ParOldGen       total 73216K, used 14289K [0x0000000080000000, 0x0000000084780000, 0x00000000d5580000)
  object space 73216K, 19% used [0x0000000080000000,0x0000000080df44a8,0x0000000084780000)
 Metaspace       used 34180K, capacity 35338K, committed 35416K, reserved 1079296K
  class space    used 4607K, capacity 4916K, committed 4992K, reserved 1048576K
}
Event: 10.991 GC heap before
{Heap before GC invocations=11 (full 2):
 PSYoungGen      total 137728K, used 126976K [0x00000000d5580000, 0x00000000de780000, 0x0000000100000000)
  eden space 126976K, 100% used [0x00000000d5580000,0x00000000dd180000,0x00000000dd180000)
  from space 10752K, 0% used [0x00000000ddd00000,0x00000000ddd00000,0x00000000de780000)
  to   space 11264K, 0% used [0x00000000dd180000,0x00000000dd180000,0x00000000ddc80000)
 ParOldGen       total 73216K, used 14289K [0x0000000080000000, 0x0000000084780000, 0x00000000d5580000)
  object space 73216K, 19% used [0x0000000080000000,0x0000000080df44a8,0x0000000084780000)
 Metaspace       used 41040K, capacity 42632K, committed 42712K, reserved 1085440K
  class space    used 5512K, capacity 5852K, committed 5888K, reserved 1048576K
Event: 11.009 GC heap after
Heap after GC invocations=11 (full 2):
 PSYoungGen      total 138240K, used 11253K [0x00000000d5580000, 0x00000000de780000, 0x0000000100000000)
  eden space 126976K, 0% used [0x00000000d5580000,0x00000000d5580000,0x00000000dd180000)
  from space 11264K, 99% used [0x00000000dd180000,0x00000000ddc7d550,0x00000000ddc80000)
  to   space 10752K, 0% used [0x00000000ddd00000,0x00000000ddd00000,0x00000000de780000)
 ParOldGen       total 73216K, used 15111K [0x0000000080000000, 0x0000000084780000, 0x00000000d5580000)
  object space 73216K, 20% used [0x0000000080000000,0x0000000080ec1dd0,0x0000000084780000)
 Metaspace       used 41040K, capacity 42632K, committed 42712K, reserved 1085440K
  class space    used 5512K, capacity 5852K, committed 5888K, reserved 1048576K
}

Deoptimization events (10 events):
Event: 8.930 Thread 0x000000001b265000 Uncommon trap: reason=unstable_if action=reinterpret pc=0x000000000397412c method=java.util.Arrays.hashCode([Ljava/lang/Object;)I @ 34
Event: 9.442 Thread 0x000000001b265000 Uncommon trap: reason=unstable_if action=reinterpret pc=0x000000000382ba24 method=java.util.HashMap.getNode(ILjava/lang/Object;)Ljava/util/HashMap$Node; @ 53
Event: 9.442 Thread 0x000000001b265000 Uncommon trap: reason=unstable_if action=reinterpret pc=0x00000000032719c8 method=java.util.HashMap.putVal(ILjava/lang/Object;Ljava/lang/Object;ZZ)Ljava/lang/Object; @ 85
Event: 9.510 Thread 0x000000001b265000 Uncommon trap: reason=unstable_if action=reinterpret pc=0x00000000032a2bc4 method=java.util.HashMap.getNode(ILjava/lang/Object;)Ljava/util/HashMap$Node; @ 53
Event: 9.553 Thread 0x000000001b265000 Uncommon trap: reason=bimorphic action=maybe_recompile pc=0x00000000036a0804 method=java.util.AbstractCollection.addAll(Ljava/util/Collection;)Z @ 29
Event: 9.656 Thread 0x000000001b265000 Uncommon trap: reason=unstable_if action=reinterpret pc=0x000000000337d0fc method=java.net.URLStreamHandler.sameFile(Ljava/net/URL;Ljava/net/URL;)Z @ 63
Event: 10.130 Thread 0x000000001b265000 Uncommon trap: reason=unstable_if action=reinterpret pc=0x000000000381b908 method=java.lang.ClassLoader.checkCerts(Ljava/lang/String;Ljava/security/CodeSource;)V @ 29
Event: 10.188 Thread 0x000000001b265000 Uncommon trap: reason=unstable_if action=reinterpret pc=0x0000000003624078 method=org.gradle.internal.reflect.PropertyAccessorType.isGetGetterName(Ljava/lang/String;)Z @ 14
Event: 10.533 Thread 0x000000001b265000 Uncommon trap: reason=range_check action=make_not_entrant pc=0x0000000003a7177c method=java.lang.String.charAt(I)C @ 27
Event: 10.693 Thread 0x000000001b265000 Uncommon trap: reason=unstable_if action=reinterpret pc=0x00000000033167e0 method=java.net.URI.match(CJJ)Z @ 45

Classes redefined (0 events):
No events

Internal exceptions (10 events):
Event: 10.395 Thread 0x000000001b265000 Exception <a 'java/lang/ClassNotFoundException': org/gradle/api/internal/DefaultNamedDomainObjectListCustomizer> (0x00000000dbd78268) thrown at [C:\src\AOSP-openjdk-git\hotspot\src\share\vm\classfile\systemDictionary.cpp, line 210]
Event: 10.398 Thread 0x000000001b265000 Exception <a 'java/lang/ClassNotFoundException': org/gradle/api/internal/artifacts/DefaultArtifactRepositoryContainerCustomizer> (0x00000000dbdec628) thrown at [C:\src\AOSP-openjdk-git\hotspot\src\share\vm\classfile\systemDictionary.cpp, line 210]
Event: 10.406 Thread 0x000000001b265000 Exception <a 'java/lang/ClassNotFoundException': org/gradle/api/internal/artifacts/dsl/DefaultRepositoryHandlerCustomizer> (0x00000000dbe51a18) thrown at [C:\src\AOSP-openjdk-git\hotspot\src\share\vm\classfile\systemDictionary.cpp, line 210]
Event: 10.413 Thread 0x000000001b265000 Exception <a 'java/lang/ClassNotFoundException': org/gradle/api/internal/artifacts/dsl/DefaultRepositoryHandler_DecoratedCustomizer> (0x00000000dbed5ae8) thrown at [C:\src\AOSP-openjdk-git\hotspot\src\share\vm\classfile\systemDictionary.cpp, line 210]
Event: 10.675 Thread 0x000000001b265000 Exception <a 'java/lang/ClassNotFoundException': groovy/lang/GString$1BeanInfo> (0x00000000dc5cfc38) thrown at [C:\src\AOSP-openjdk-git\hotspot\src\share\vm\classfile\systemDictionary.cpp, line 210]
Event: 10.676 Thread 0x000000001b265000 Exception <a 'java/lang/ClassNotFoundException': groovy/lang/GStringBeanInfo> (0x00000000dc5f10a8) thrown at [C:\src\AOSP-openjdk-git\hotspot\src\share\vm\classfile\systemDictionary.cpp, line 210]
Event: 10.677 Thread 0x000000001b265000 Exception <a 'java/lang/ClassNotFoundException': groovy/lang/GStringCustomizer> (0x00000000dc613090) thrown at [C:\src\AOSP-openjdk-git\hotspot\src\share\vm\classfile\systemDictionary.cpp, line 210]
Event: 10.679 Thread 0x000000001b265000 Exception <a 'java/lang/ClassNotFoundException': groovy/lang/GString$1Customizer> (0x00000000dc641468) thrown at [C:\src\AOSP-openjdk-git\hotspot\src\share\vm\classfile\systemDictionary.cpp, line 210]
Event: 10.689 Thread 0x000000001b265000 Exception <a 'java/lang/ClassNotFoundException': org/codehaus/groovy/runtime/GStringImplBeanInfo> (0x00000000dc6f2868) thrown at [C:\src\AOSP-openjdk-git\hotspot\src\share\vm\classfile\systemDictionary.cpp, line 210]
Event: 10.691 Thread 0x000000001b265000 Exception <a 'java/lang/ClassNotFoundException': org/codehaus/groovy/runtime/GStringImplCustomizer> (0x00000000dc71e8d0) thrown at [C:\src\AOSP-openjdk-git\hotspot\src\share\vm\classfile\systemDictionary.cpp, line 210]

Events (10 events):
Event: 11.613 loading class org/gradle/api/internal/artifacts/ivyservice/resolveengine/excludes/specs/ExcludeSpec
Event: 11.613 loading class org/gradle/api/internal/artifacts/ivyservice/resolveengine/excludes/specs/ExcludeSpec done
Event: 11.614 loading class org/gradle/api/internal/artifacts/ivyservice/resolveengine/excludes/specs/ExcludeSpec
Event: 11.614 loading class org/gradle/api/internal/artifacts/ivyservice/resolveengine/excludes/specs/ExcludeSpec done
Event: 11.614 loading class org/gradle/api/internal/artifacts/ivyservice/resolveengine/excludes/factories/OptimizingExcludeFactory
Event: 11.614 loading class org/gradle/api/internal/artifacts/ivyservice/resolveengine/excludes/factories/OptimizingExcludeFactory done
Event: 11.614 loading class org/gradle/api/internal/artifacts/ivyservice/resolveengine/excludes/factories/Optimizations
Event: 11.614 loading class org/gradle/api/internal/artifacts/ivyservice/resolveengine/excludes/factories/Optimizations done
Event: 11.616 loading class org/gradle/internal/component/external/model/ConfigurationBoundExternalDependencyMetadata
Event: 11.616 loading class org/gradle/internal/component/external/model/ConfigurationBoundExternalDependencyMetadata done


Dynamic libraries:
0x00007ff7594d0000 - 0x00007ff759501000 	C:\Program Files\Android\Android Studio\jre\bin\java.exe
0x00007ffb185a0000 - 0x00007ffb18790000 	C:\WINDOWS\SYSTEM32\ntdll.dll
0x00007ffb17e90000 - 0x00007ffb17f42000 	C:\WINDOWS\System32\KERNEL32.DLL
0x00007ffb15650000 - 0x00007ffb158f5000 	C:\WINDOWS\System32\KERNELBASE.dll
0x00007ffb166b0000 - 0x00007ffb16753000 	C:\WINDOWS\System32\ADVAPI32.dll
0x00007ffb18020000 - 0x00007ffb180be000 	C:\WINDOWS\System32\msvcrt.dll
0x00007ffb17590000 - 0x00007ffb17627000 	C:\WINDOWS\System32\sechost.dll
0x00007ffb17c30000 - 0x00007ffb17d50000 	C:\WINDOWS\System32\RPCRT4.dll
0x00007ffb183a0000 - 0x00007ffb18534000 	C:\WINDOWS\System32\USER32.dll
0x00007ffb15590000 - 0x00007ffb155b1000 	C:\WINDOWS\System32\win32u.dll
0x00007ffb16790000 - 0x00007ffb167b6000 	C:\WINDOWS\System32\GDI32.dll
0x00007ffb164b0000 - 0x00007ffb16646000 	C:\WINDOWS\System32\gdi32full.dll
0x00007ffb16290000 - 0x00007ffb1632e000 	C:\WINDOWS\System32\msvcp_win.dll
0x00007ffb16190000 - 0x00007ffb1628a000 	C:\WINDOWS\System32\ucrtbase.dll
0x00007ffb0a6b0000 - 0x00007ffb0a934000 	C:\WINDOWS\WinSxS\amd64_microsoft.windows.common-controls_6595b64144ccf1df_6.0.18362.1256_none_9e7e379be45e40e2\COMCTL32.dll
0x00007ffb17740000 - 0x00007ffb17a76000 	C:\WINDOWS\System32\combase.dll
0x00007ffb155c0000 - 0x00007ffb15641000 	C:\WINDOWS\System32\bcryptPrimitives.dll
0x00007ffb16760000 - 0x00007ffb1678e000 	C:\WINDOWS\System32\IMM32.DLL
0x00000000645f0000 - 0x00000000646c2000 	C:\Program Files\Android\Android Studio\jre\jre\bin\msvcr100.dll
0x00000000636c0000 - 0x0000000063f0b000 	C:\Program Files\Android\Android Studio\jre\jre\bin\server\jvm.dll
0x00007ffb17720000 - 0x00007ffb17728000 	C:\WINDOWS\System32\PSAPI.DLL
0x00007ffb0e170000 - 0x00007ffb0e17a000 	C:\WINDOWS\SYSTEM32\VERSION.dll
0x00007ffb10820000 - 0x00007ffb10844000 	C:\WINDOWS\SYSTEM32\WINMM.dll
0x00007ffb107f0000 - 0x00007ffb1081d000 	C:\WINDOWS\SYSTEM32\winmmbase.dll
0x00007ffb15900000 - 0x00007ffb1594a000 	C:\WINDOWS\System32\cfgmgr32.dll
0x00007ffb0d210000 - 0x00007ffb0d219000 	C:\WINDOWS\SYSTEM32\WSOCK32.dll
0x00007ffb180c0000 - 0x00007ffb1812f000 	C:\WINDOWS\System32\ws2_32.DLL
0x00007ffb10510000 - 0x00007ffb1051f000 	C:\Program Files\Android\Android Studio\jre\jre\bin\verify.dll
0x00007ffb0e640000 - 0x00007ffb0e669000 	C:\Program Files\Android\Android Studio\jre\jre\bin\java.dll
0x00007ffb0d390000 - 0x00007ffb0d3a6000 	C:\Program Files\Android\Android Studio\jre\jre\bin\zip.dll
0x00007ffb16a30000 - 0x00007ffb17117000 	C:\WINDOWS\System32\SHELL32.dll
0x00007ffb16910000 - 0x00007ffb169b9000 	C:\WINDOWS\System32\shcore.dll
0x00007ffb15950000 - 0x00007ffb160d1000 	C:\WINDOWS\System32\windows.storage.dll
0x00007ffb15470000 - 0x00007ffb15493000 	C:\WINDOWS\System32\profapi.dll
0x00007ffb154c0000 - 0x00007ffb1550a000 	C:\WINDOWS\System32\powrprof.dll
0x00007ffb15440000 - 0x00007ffb15450000 	C:\WINDOWS\System32\UMPDC.dll
0x00007ffb16650000 - 0x00007ffb166a2000 	C:\WINDOWS\System32\shlwapi.dll
0x00007ffb154a0000 - 0x00007ffb154b1000 	C:\WINDOWS\System32\kernel.appcore.dll
0x00007ffb15570000 - 0x00007ffb15587000 	C:\WINDOWS\System32\cryptsp.dll
0x00007ffb0cc80000 - 0x00007ffb0cc9a000 	C:\Program Files\Android\Android Studio\jre\jre\bin\net.dll
0x00007ffb14c90000 - 0x00007ffb14cf7000 	C:\WINDOWS\system32\mswsock.dll
0x00007ffb02320000 - 0x00007ffb02333000 	C:\Program Files\Android\Android Studio\jre\jre\bin\nio.dll
0x00007ffafaaa0000 - 0x00007ffafaac7000 	C:\Users\11bud\.gradle\native\f6784746aeab05261644944871eae4fe03e0ef1612fff0a4a95f87b438bc6780\windows-amd64\native-platform.dll
0x00007ffb0e140000 - 0x00007ffb0e14d000 	C:\Program Files\Android\Android Studio\jre\jre\bin\management.dll
0x00007ffb14800000 - 0x00007ffb14833000 	C:\WINDOWS\system32\rsaenh.dll
0x00007ffb16330000 - 0x00007ffb16356000 	C:\WINDOWS\System32\bcrypt.dll
0x00007ffb15360000 - 0x00007ffb15385000 	C:\WINDOWS\SYSTEM32\USERENV.dll
0x00007ffb14e60000 - 0x00007ffb14e6c000 	C:\WINDOWS\SYSTEM32\CRYPTBASE.dll
0x00007ffb149a0000 - 0x00007ffb149da000 	C:\WINDOWS\SYSTEM32\IPHLPAPI.DLL
0x00007ffb17730000 - 0x00007ffb17738000 	C:\WINDOWS\System32\NSI.dll
0x00007ffb0e1e0000 - 0x00007ffb0e1f6000 	C:\WINDOWS\SYSTEM32\dhcpcsvc6.DLL
0x00007ffb0e570000 - 0x00007ffb0e58c000 	C:\WINDOWS\SYSTEM32\dhcpcsvc.DLL
0x00007ffb149e0000 - 0x00007ffb14aab000 	C:\WINDOWS\SYSTEM32\DNSAPI.dll
0x00007ffb0f280000 - 0x00007ffb0f28b000 	C:\WINDOWS\SYSTEM32\WINNSI.DLL

VM Arguments:
jvm_args: -Xmx2048m -Dfile.encoding=UTF-8 -Duser.country=ID -Duser.language=en -Duser.variant 
java_command: org.gradle.launcher.daemon.bootstrap.GradleDaemon 6.5
java_class_path (initial): C:\Users\11bud\.gradle\wrapper\dists\gradle-6.5-bin\6nifqtx7604sqp1q6g8wikw7p\gradle-6.5\lib\gradle-launcher-6.5.jar
Launcher Type: SUN_STANDARD

Environment Variables:
PATH=C:\Program Files\Common Files\Oracle\Java\javapath;C:\WINDOWS\system32;C:\WINDOWS;C:\WINDOWS\System32\Wbem;C:\WINDOWS\System32\WindowsPowerShell\v1.0\;C:\WINDOWS\System32\OpenSSH\;C:\Program Files\nodejs\;C:\Users\11bud\AppData\Local\Microsoft\WindowsApps;C:\Users\11bud\AppData\Roaming\npm;C:\Users\11bud\AppData\Local\Programs\Microsoft VS Code\bin;
USERNAME=11bud
OS=Windows_NT
PROCESSOR_IDENTIFIER=Intel64 Family 6 Model 58 Stepping 9, GenuineIntel



---------------  S Y S T E M  ---------------

OS: Windows 10.0 , 64 bit Build 18362 (10.0.18362.1110)

CPU:total 4 (initial active 4) (2 cores per cpu, 2 threads per core) family 6 model 58 stepping 9, cmov, cx8, fxsr, mmx, sse, sse2, sse3, ssse3, sse4.1, sse4.2, popcnt, avx, aes, clmul, erms, ht, tsc, tscinvbit, tscinv

Memory: 4k page, physical 8078980k(435724k free), swap 23564524k(6444k free)

vm_info: OpenJDK 64-Bit Server VM (25.242-b01) for windows-amd64 JRE (1.8.0_242-release-1644-b01), built by "builder" with MS VC++ 10.0 (VS2010)

time: Wed Jan 06 14:14:56 2021
timezone: SE Asia Standard Time
elapsed time: 11 seconds (0d 0h 0m 11s)

