#
# There is insufficient memory for the Java Runtime Environment to continue.
# Native memory allocation (malloc) failed to allocate 32744 bytes for ChunkPool::allocate
# Possible reasons:
#   The system is out of physical RAM or swap space
#   The process is running with CompressedOops enabled, and the Java Heap may be blocking the growth of the native heap
# Possible solutions:
#   Reduce memory load on the system
#   Increase physical memory or swap space
#   Check if swap backing store is full
#   Decrease Java heap size (-Xmx/-Xms)
#   Decrease number of Java threads
#   Decrease Java thread stack sizes (-Xss)
#   Set larger code cache with -XX:ReservedCodeCacheSize=
#   JVM is running with Unscaled Compressed Oops mode in which the Java heap is
#     placed in the first 4GB address space. The Java Heap base address is the
#     maximum limit for the native heap growth. Please use -XX:HeapBaseMinAddress
#     to set the Java Heap base and to place the Java Heap above 4GB virtual address.
# This output file may be truncated or incomplete.
#
#  Out of Memory Error (allocation.cpp:272), pid=5840, tid=0x0000000000001e44
#
# JRE version: OpenJDK Runtime Environment (8.0_242-b01) (build 1.8.0_242-release-1644-b01)
# Java VM: OpenJDK 64-Bit Server VM (25.242-b01 mixed mode windows-amd64 compressed oops)
# Failed to write core dump. Minidumps are not enabled by default on client versions of Windows
#

---------------  T H R E A D  ---------------

Current thread (0x000000001514b800):  JavaThread "C2 CompilerThread1" daemon [_thread_in_native, id=7748, stack(0x00000000168b0000,0x00000000169b0000)]

Stack: [0x00000000168b0000,0x00000000169b0000]
[error occurred during error reporting (printing stack bounds), id 0xc0000005]

Native frames: (J=compiled Java code, j=interpreted, Vv=VM code, C=native code)


Current CompileTask:
C2:   3122 1582   !   4       java.net.URLClassLoader$1::run (63 bytes)


---------------  P R O C E S S  ---------------

Java Threads: ( => current thread )
  0x0000000018e67000 JavaThread "Cache worker for file hash cache (C:\Users\11bud\.gradle\caches\6.5\fileHashes)" [_thread_blocked, id=4420, stack(0x000000001b0d0000,0x000000001b1d0000)]
  0x0000000018e67800 JavaThread "File lock request listener" [_thread_in_native, id=9728, stack(0x000000001afd0000,0x000000001b0d0000)]
  0x0000000018c76800 JavaThread "Cache worker for journal cache (C:\Users\11bud\.gradle\caches\journal-1)" [_thread_blocked, id=4068, stack(0x000000001aed0000,0x000000001afd0000)]
  0x0000000018bba000 JavaThread "Thread-9" [_thread_blocked, id=15488, stack(0x000000001abd0000,0x000000001acd0000)]
  0x0000000018bb9800 JavaThread "Stdin handler" [_thread_blocked, id=1172, stack(0x000000001aad0000,0x000000001abd0000)]
  0x0000000018bb6800 JavaThread "Asynchronous log dispatcher for DefaultDaemonConnection: socket connection from /127.0.0.1:54885 to /127.0.0.1:54886" [_thread_blocked, id=3720, stack(0x000000001a9d0000,0x000000001aad0000)]
  0x0000000018b9b000 JavaThread "Daemon worker" [_thread_in_vm, id=17928, stack(0x000000001a8d0000,0x000000001a9d0000)]
  0x0000000018b9a800 JavaThread "Cancel handler" [_thread_blocked, id=1992, stack(0x000000001a7d0000,0x000000001a8d0000)]
  0x000000001739b800 JavaThread "Handler for socket connection from /127.0.0.1:54885 to /127.0.0.1:54886" [_thread_in_native, id=14844, stack(0x000000001a6d0000,0x000000001a7d0000)]
  0x0000000018ba2000 JavaThread "Daemon" [_thread_blocked, id=19072, stack(0x000000001a3d0000,0x000000001a4d0000)]
  0x0000000018b9e000 JavaThread "Daemon periodic checks" [_thread_blocked, id=7356, stack(0x000000001a2d0000,0x000000001a3d0000)]
  0x0000000018ac4800 JavaThread "Incoming local TCP Connector on port 54885" [_thread_in_native, id=16420, stack(0x000000001a090000,0x000000001a190000)]
  0x0000000016b7f800 JavaThread "Daemon health stats" [_thread_blocked, id=18996, stack(0x0000000019a50000,0x0000000019b50000)]
  0x0000000016ae0800 JavaThread "Service Thread" daemon [_thread_blocked, id=17592, stack(0x0000000016eb0000,0x0000000016fb0000)]
  0x0000000015153000 JavaThread "C1 CompilerThread2" daemon [_thread_blocked, id=19404, stack(0x00000000169b0000,0x0000000016ab0000)]
=>0x000000001514b800 JavaThread "C2 CompilerThread1" daemon [_thread_in_native, id=7748, stack(0x00000000168b0000,0x00000000169b0000)]
  0x0000000015148000 JavaThread "C2 CompilerThread0" daemon [_thread_in_native, id=18092, stack(0x00000000167b0000,0x00000000168b0000)]
  0x0000000015146000 JavaThread "Attach Listener" daemon [_thread_blocked, id=14520, stack(0x00000000166b0000,0x00000000167b0000)]
  0x0000000015142000 JavaThread "Signal Dispatcher" daemon [_thread_blocked, id=17168, stack(0x00000000165b0000,0x00000000166b0000)]
  0x000000000297c800 JavaThread "Finalizer" daemon [_thread_blocked, id=7664, stack(0x00000000163b0000,0x00000000164b0000)]
  0x0000000015129000 JavaThread "Reference Handler" daemon [_thread_blocked, id=6816, stack(0x00000000162b0000,0x00000000163b0000)]
  0x00000000029ed800 JavaThread "main" [_thread_blocked, id=8000, stack(0x0000000000fd0000,0x00000000010d0000)]

Other Threads:
  0x0000000015106000 VMThread [stack: 0x00000000161b0000,0x00000000162b0000] [id=13148]
  0x000000001519d000 WatcherThread [stack: 0x0000000016fb0000,0x00000000170b0000] [id=18576]

VM state:not at safepoint (normal execution)

VM Mutex/Monitor currently owned by a thread: None

heap address: 0x00000000c0000000, size: 1024 MB, Compressed Oops mode: 32-bit
Narrow klass base: 0x0000000000000000, Narrow klass shift: 3
Compressed class space size: 1073741824 Address: 0x0000000100000000

Heap:
 PSYoungGen      total 68608K, used 51035K [0x00000000eab00000, 0x00000000ef300000, 0x0000000100000000)
  eden space 63488K, 72% used [0x00000000eab00000,0x00000000ed7dae30,0x00000000ee900000)
  from space 5120K, 99% used [0x00000000eee00000,0x00000000ef2fc030,0x00000000ef300000)
  to   space 5120K, 0% used [0x00000000ee900000,0x00000000ee900000,0x00000000eee00000)
 ParOldGen       total 84992K, used 2702K [0x00000000c0000000, 0x00000000c5300000, 0x00000000eab00000)
  object space 84992K, 3% used [0x00000000c0000000,0x00000000c02a38c0,0x00000000c5300000)
 Metaspace       used 18456K, capacity 19078K, committed 19200K, reserved 1064960K
  class space    used 2524K, capacity 2715K, committed 2816K, reserved 1048576K

Card table byte_map: [0x0000000011e30000,0x0000000012040000] byte_map_base: 0x0000000011830000

Marking Bits: (ParMarkBitMap*) 0x0000000063e8f030
 Begin Bits: [0x00000000125a0000, 0x00000000135a0000)
 End Bits:   [0x00000000135a0000, 0x00000000145a0000)

Polling page: 0x0000000000ba0000

CodeCache: size=245760Kb used=5790Kb max_used=5790Kb free=239969Kb
 bounds [0x0000000002a70000, 0x0000000003020000, 0x0000000011a70000]
 total_blobs=2104 nmethods=1692 adapters=325
 compilation: enabled

Compilation events (10 events):
Event: 3.108 Thread 0x0000000015153000 1697       3       jdk.internal.org.objectweb.asm.ClassWriter::newNameTypeItem (71 bytes)
Event: 3.109 Thread 0x0000000015153000 nmethod 1697 0x0000000003017f90 code [0x0000000003018160, 0x0000000003018678]
Event: 3.111 Thread 0x0000000015153000 1698       3       org.objectweb.asm.SymbolTable::get (13 bytes)
Event: 3.111 Thread 0x0000000015153000 nmethod 1698 0x0000000003018950 code [0x0000000003018aa0, 0x0000000003018c30]
Event: 3.111 Thread 0x0000000015153000 1699       1       java.lang.invoke.InnerClassLambdaMetafactory::access$300 (5 bytes)
Event: 3.112 Thread 0x0000000015153000 nmethod 1699 0x0000000003018d10 code [0x0000000003018e60, 0x0000000003018f50]
Event: 3.112 Thread 0x0000000015153000 1700       3       java.lang.invoke.LambdaForm::uncustomize (58 bytes)
Event: 3.112 Thread 0x0000000015153000 nmethod 1700 0x0000000003018fd0 code [0x0000000003019140, 0x00000000030193f0]
Event: 3.113 Thread 0x0000000015153000 1701       3       org.objectweb.asm.SymbolTable::hash (10 bytes)
Event: 3.113 Thread 0x0000000015153000 nmethod 1701 0x0000000003019490 code [0x0000000003019600, 0x0000000003019808]

GC Heap History (8 events):
Event: 0.913 GC heap before
{Heap before GC invocations=1 (full 0):
 PSYoungGen      total 36864K, used 31744K [0x00000000eab00000, 0x00000000ed400000, 0x0000000100000000)
  eden space 31744K, 100% used [0x00000000eab00000,0x00000000eca00000,0x00000000eca00000)
  from space 5120K, 0% used [0x00000000ecf00000,0x00000000ecf00000,0x00000000ed400000)
  to   space 5120K, 0% used [0x00000000eca00000,0x00000000eca00000,0x00000000ecf00000)
 ParOldGen       total 84992K, used 0K [0x00000000c0000000, 0x00000000c5300000, 0x00000000eab00000)
  object space 84992K, 0% used [0x00000000c0000000,0x00000000c0000000,0x00000000c5300000)
 Metaspace       used 7526K, capacity 7774K, committed 8064K, reserved 1056768K
  class space    used 929K, capacity 1037K, committed 1152K, reserved 1048576K
Event: 0.920 GC heap after
Heap after GC invocations=1 (full 0):
 PSYoungGen      total 36864K, used 4441K [0x00000000eab00000, 0x00000000ed400000, 0x0000000100000000)
  eden space 31744K, 0% used [0x00000000eab00000,0x00000000eab00000,0x00000000eca00000)
  from space 5120K, 86% used [0x00000000eca00000,0x00000000ece56618,0x00000000ecf00000)
  to   space 5120K, 0% used [0x00000000ecf00000,0x00000000ecf00000,0x00000000ed400000)
 ParOldGen       total 84992K, used 8K [0x00000000c0000000, 0x00000000c5300000, 0x00000000eab00000)
  object space 84992K, 0% used [0x00000000c0000000,0x00000000c0002000,0x00000000c5300000)
 Metaspace       used 7526K, capacity 7774K, committed 8064K, reserved 1056768K
  class space    used 929K, capacity 1037K, committed 1152K, reserved 1048576K
}
Event: 1.252 GC heap before
{Heap before GC invocations=2 (full 0):
 PSYoungGen      total 36864K, used 36185K [0x00000000eab00000, 0x00000000ed400000, 0x0000000100000000)
  eden space 31744K, 100% used [0x00000000eab00000,0x00000000eca00000,0x00000000eca00000)
  from space 5120K, 86% used [0x00000000eca00000,0x00000000ece56618,0x00000000ecf00000)
  to   space 5120K, 0% used [0x00000000ecf00000,0x00000000ecf00000,0x00000000ed400000)
 ParOldGen       total 84992K, used 8K [0x00000000c0000000, 0x00000000c5300000, 0x00000000eab00000)
  object space 84992K, 0% used [0x00000000c0000000,0x00000000c0002000,0x00000000c5300000)
 Metaspace       used 7713K, capacity 7966K, committed 8320K, reserved 1056768K
  class space    used 938K, capacity 1037K, committed 1152K, reserved 1048576K
Event: 1.255 GC heap after
Heap after GC invocations=2 (full 0):
 PSYoungGen      total 36864K, used 3201K [0x00000000eab00000, 0x00000000ed400000, 0x0000000100000000)
  eden space 31744K, 0% used [0x00000000eab00000,0x00000000eab00000,0x00000000eca00000)
  from space 5120K, 62% used [0x00000000ecf00000,0x00000000ed2205e8,0x00000000ed400000)
  to   space 5120K, 0% used [0x00000000eca00000,0x00000000eca00000,0x00000000ecf00000)
 ParOldGen       total 84992K, used 16K [0x00000000c0000000, 0x00000000c5300000, 0x00000000eab00000)
  object space 84992K, 0% used [0x00000000c0000000,0x00000000c0004000,0x00000000c5300000)
 Metaspace       used 7713K, capacity 7966K, committed 8320K, reserved 1056768K
  class space    used 938K, capacity 1037K, committed 1152K, reserved 1048576K
}
Event: 2.083 GC heap before
{Heap before GC invocations=3 (full 0):
 PSYoungGen      total 36864K, used 34945K [0x00000000eab00000, 0x00000000ed400000, 0x0000000100000000)
  eden space 31744K, 100% used [0x00000000eab00000,0x00000000eca00000,0x00000000eca00000)
  from space 5120K, 62% used [0x00000000ecf00000,0x00000000ed2205e8,0x00000000ed400000)
  to   space 5120K, 0% used [0x00000000eca00000,0x00000000eca00000,0x00000000ecf00000)
 ParOldGen       total 84992K, used 16K [0x00000000c0000000, 0x00000000c5300000, 0x00000000eab00000)
  object space 84992K, 0% used [0x00000000c0000000,0x00000000c0004000,0x00000000c5300000)
 Metaspace       used 11188K, capacity 11498K, committed 11648K, reserved 1058816K
  class space    used 1480K, capacity 1575K, committed 1664K, reserved 1048576K
Event: 2.094 GC heap after
Heap after GC invocations=3 (full 0):
 PSYoungGen      total 36864K, used 5120K [0x00000000eab00000, 0x00000000ef300000, 0x0000000100000000)
  eden space 31744K, 0% used [0x00000000eab00000,0x00000000eab00000,0x00000000eca00000)
  from space 5120K, 100% used [0x00000000eca00000,0x00000000ecf00000,0x00000000ecf00000)
  to   space 5120K, 0% used [0x00000000eee00000,0x00000000eee00000,0x00000000ef300000)
 ParOldGen       total 84992K, used 608K [0x00000000c0000000, 0x00000000c5300000, 0x00000000eab00000)
  object space 84992K, 0% used [0x00000000c0000000,0x00000000c0098060,0x00000000c5300000)
 Metaspace       used 11188K, capacity 11498K, committed 11648K, reserved 1058816K
  class space    used 1480K, capacity 1575K, committed 1664K, reserved 1048576K
}
Event: 2.484 GC heap before
{Heap before GC invocations=4 (full 0):
 PSYoungGen      total 36864K, used 36864K [0x00000000eab00000, 0x00000000ef300000, 0x0000000100000000)
  eden space 31744K, 100% used [0x00000000eab00000,0x00000000eca00000,0x00000000eca00000)
  from space 5120K, 100% used [0x00000000eca00000,0x00000000ecf00000,0x00000000ecf00000)
  to   space 5120K, 0% used [0x00000000eee00000,0x00000000eee00000,0x00000000ef300000)
 ParOldGen       total 84992K, used 608K [0x00000000c0000000, 0x00000000c5300000, 0x00000000eab00000)
  object space 84992K, 0% used [0x00000000c0000000,0x00000000c0098060,0x00000000c5300000)
 Metaspace       used 14297K, capacity 14802K, committed 14976K, reserved 1062912K
  class space    used 1968K, capacity 2131K, committed 2176K, reserved 1048576K
Event: 2.493 GC heap after
Heap after GC invocations=4 (full 0):
 PSYoungGen      total 68608K, used 5104K [0x00000000eab00000, 0x00000000ef300000, 0x0000000100000000)
  eden space 63488K, 0% used [0x00000000eab00000,0x00000000eab00000,0x00000000ee900000)
  from space 5120K, 99% used [0x00000000eee00000,0x00000000ef2fc030,0x00000000ef300000)
  to   space 5120K, 0% used [0x00000000ee900000,0x00000000ee900000,0x00000000eee00000)
 ParOldGen       total 84992K, used 2702K [0x00000000c0000000, 0x00000000c5300000, 0x00000000eab00000)
  object space 84992K, 3% used [0x00000000c0000000,0x00000000c02a38c0,0x00000000c5300000)
 Metaspace       used 14297K, capacity 14802K, committed 14976K, reserved 1062912K
  class space    used 1968K, capacity 2131K, committed 2176K, reserved 1048576K
}

Deoptimization events (10 events):
Event: 2.470 Thread 0x0000000018b9b000 Uncommon trap: reason=class_check action=maybe_recompile pc=0x0000000002daf4d8 method=java.util.regex.Matcher.match(II)Z @ 86
Event: 2.470 Thread 0x0000000018b9b000 Uncommon trap: reason=class_check action=maybe_recompile pc=0x0000000002c2ee4c method=java.util.regex.Matcher.match(II)Z @ 86
Event: 2.589 Thread 0x0000000018b9b000 Uncommon trap: reason=unstable_if action=reinterpret pc=0x0000000002d93b8c method=java.io.File.getName()Ljava/lang/String; @ 16
Event: 2.862 Thread 0x0000000018b9b000 Uncommon trap: reason=unstable_if action=reinterpret pc=0x0000000002d94370 method=java.util.LinkedHashMap.afterNodeInsertion(Z)V @ 1
Event: 2.863 Thread 0x0000000018b9b000 Uncommon trap: reason=unstable_if action=reinterpret pc=0x0000000002ce8f04 method=java.util.HashMap.getNode(ILjava/lang/Object;)Ljava/util/HashMap$Node; @ 129
Event: 2.863 Thread 0x0000000018b9b000 Uncommon trap: reason=bimorphic action=maybe_recompile pc=0x0000000002f4259c method=java.util.HashMap.putVal(ILjava/lang/Object;Ljava/lang/Object;ZZ)Ljava/lang/Object; @ 203
Event: 2.866 Thread 0x0000000018b9b000 Uncommon trap: reason=unstable_if action=reinterpret pc=0x0000000002cdd750 method=java.util.HashMap.getNode(ILjava/lang/Object;)Ljava/util/HashMap$Node; @ 129
Event: 2.866 Thread 0x0000000018b9b000 Uncommon trap: reason=bimorphic action=maybe_recompile pc=0x0000000002f4259c method=java.util.HashMap.putVal(ILjava/lang/Object;Ljava/lang/Object;ZZ)Ljava/lang/Object; @ 203
Event: 2.866 Thread 0x0000000018b9b000 Uncommon trap: reason=bimorphic action=maybe_recompile pc=0x0000000002f49568 method=java.util.HashMap.putVal(ILjava/lang/Object;Ljava/lang/Object;ZZ)Ljava/lang/Object; @ 203
Event: 3.014 Thread 0x0000000018b9b000 Uncommon trap: reason=unstable_if action=reinterpret pc=0x0000000002f6d38c method=java.util.jar.Attributes$Name.isDigit(C)Z @ 3

Classes redefined (0 events):
No events

Internal exceptions (10 events):
Event: 2.157 Thread 0x000000001739b800 Exception <a 'java/lang/NoSuchMethodError': <clinit>> (0x00000000eadb6ca8) thrown at [C:\src\AOSP-openjdk-git\hotspot\src\share\vm\prims\jni.cpp, line 1615]
Event: 2.159 Thread 0x000000001739b800 Exception <a 'java/lang/NoSuchMethodError': <clinit>> (0x00000000eadcd058) thrown at [C:\src\AOSP-openjdk-git\hotspot\src\share\vm\prims\jni.cpp, line 1615]
Event: 2.170 Thread 0x000000001739b800 Exception <a 'java/lang/NoSuchMethodError': <clinit>> (0x00000000eae46cf8) thrown at [C:\src\AOSP-openjdk-git\hotspot\src\share\vm\prims\jni.cpp, line 1615]
Event: 2.175 Thread 0x000000001739b800 Exception <a 'java/lang/NoSuchMethodError': <clinit>> (0x00000000eae76398) thrown at [C:\src\AOSP-openjdk-git\hotspot\src\share\vm\prims\jni.cpp, line 1615]
Event: 2.181 Thread 0x000000001739b800 Exception <a 'java/lang/NoSuchMethodError': <clinit>> (0x00000000eaea4920) thrown at [C:\src\AOSP-openjdk-git\hotspot\src\share\vm\prims\jni.cpp, line 1615]
Event: 2.182 Thread 0x000000001739b800 Exception <a 'java/lang/NoSuchMethodError': <clinit>> (0x00000000eaeb0d98) thrown at [C:\src\AOSP-openjdk-git\hotspot\src\share\vm\prims\jni.cpp, line 1615]
Event: 2.643 Thread 0x0000000018b9b000 Exception <a 'java/lang/NoSuchMethodError': java.lang.Object.lambda$and$0(Ljava/util/function/Predicate;Ljava/lang/Object;)Z> (0x00000000eb3f2970) thrown at [C:\src\AOSP-openjdk-git\hotspot\src\share\vm\interpreter\linkResolver.cpp, line 620]
Event: 2.658 Thread 0x0000000018b9b000 Exception <a 'java/lang/IncompatibleClassChangeError': Found class java.lang.Object, but interface was expected> (0x00000000eb402c68) thrown at [C:\src\AOSP-openjdk-git\hotspot\src\share\vm\interpreter\linkResolver.cpp, line 653]
Event: 2.660 Thread 0x0000000018b9b000 Exception <a 'java/lang/NoSuchMethodError': java.lang.Object.lambda$or$2(Ljava/util/function/Predicate;Ljava/lang/Object;)Z> (0x00000000eb4077b8) thrown at [C:\src\AOSP-openjdk-git\hotspot\src\share\vm\interpreter\linkResolver.cpp, line 620]
Event: 2.916 Thread 0x0000000018b9b000 Exception <a 'java/lang/NoSuchMethodError': java.lang.Object.lambda$static$0(Lorg/gradle/internal/state/ModelObject;)Ljava/lang/String;> (0x00000000ecbee9b8) thrown at [C:\src\AOSP-openjdk-git\hotspot\src\share\vm\interpreter\linkResolver.cpp, line 620]

Events (10 events):
Event: 3.114 loading class com/google/common/collect/Sets$ImprovedAbstractSet
Event: 3.114 loading class com/google/common/collect/Sets$ImprovedAbstractSet done
Event: 3.119 loading class com/google/common/collect/AbstractMapBasedMultimap$WrappedSet
Event: 3.119 loading class com/google/common/collect/AbstractMapBasedMultimap$WrappedSet done
Event: 3.119 loading class java/util/ConcurrentModificationException
Event: 3.120 loading class java/util/ConcurrentModificationException done
Event: 3.120 loading class com/google/common/collect/AbstractMapBasedMultimap$WrappedCollection$WrappedIterator
Event: 3.120 loading class com/google/common/collect/AbstractMapBasedMultimap$WrappedCollection$WrappedIterator done
Event: 3.121 loading class com/google/common/collect/LinkedHashMultimap$ValueSet$1
Event: 3.121 loading class com/google/common/collect/LinkedHashMultimap$ValueSet$1 done


Dynamic libraries:
0x00007ff7594d0000 - 0x00007ff759501000 	C:\Program Files\Android\Android Studio\jre\bin\java.exe
0x00007ffb185a0000 - 0x00007ffb18790000 	C:\WINDOWS\SYSTEM32\ntdll.dll
0x00007ffb17e90000 - 0x00007ffb17f42000 	C:\WINDOWS\System32\KERNEL32.DLL
0x00007ffb15650000 - 0x00007ffb158f5000 	C:\WINDOWS\System32\KERNELBASE.dll
0x00007ffb166b0000 - 0x00007ffb16753000 	C:\WINDOWS\System32\ADVAPI32.dll
0x00007ffb18020000 - 0x00007ffb180be000 	C:\WINDOWS\System32\msvcrt.dll
0x00007ffb17590000 - 0x00007ffb17627000 	C:\WINDOWS\System32\sechost.dll
0x00007ffb17c30000 - 0x00007ffb17d50000 	C:\WINDOWS\System32\RPCRT4.dll
0x00007ffb183a0000 - 0x00007ffb18534000 	C:\WINDOWS\System32\USER32.dll
0x00007ffb15590000 - 0x00007ffb155b1000 	C:\WINDOWS\System32\win32u.dll
0x00007ffb16790000 - 0x00007ffb167b6000 	C:\WINDOWS\System32\GDI32.dll
0x00007ffb164b0000 - 0x00007ffb16646000 	C:\WINDOWS\System32\gdi32full.dll
0x00007ffb16290000 - 0x00007ffb1632e000 	C:\WINDOWS\System32\msvcp_win.dll
0x00007ffb16190000 - 0x00007ffb1628a000 	C:\WINDOWS\System32\ucrtbase.dll
0x00007ffb0a6b0000 - 0x00007ffb0a934000 	C:\WINDOWS\WinSxS\amd64_microsoft.windows.common-controls_6595b64144ccf1df_6.0.18362.1256_none_9e7e379be45e40e2\COMCTL32.dll
0x00007ffb17740000 - 0x00007ffb17a76000 	C:\WINDOWS\System32\combase.dll
0x00007ffb155c0000 - 0x00007ffb15641000 	C:\WINDOWS\System32\bcryptPrimitives.dll
0x00007ffb16760000 - 0x00007ffb1678e000 	C:\WINDOWS\System32\IMM32.DLL
0x00000000645f0000 - 0x00000000646c2000 	C:\Program Files\Android\Android Studio\jre\jre\bin\msvcr100.dll
0x00000000636c0000 - 0x0000000063f0b000 	C:\Program Files\Android\Android Studio\jre\jre\bin\server\jvm.dll
0x00007ffb17720000 - 0x00007ffb17728000 	C:\WINDOWS\System32\PSAPI.DLL
0x00007ffb10820000 - 0x00007ffb10844000 	C:\WINDOWS\SYSTEM32\WINMM.dll
0x00007ffb0e170000 - 0x00007ffb0e17a000 	C:\WINDOWS\SYSTEM32\VERSION.dll
0x00007ffb0d210000 - 0x00007ffb0d219000 	C:\WINDOWS\SYSTEM32\WSOCK32.dll
0x00007ffb180c0000 - 0x00007ffb1812f000 	C:\WINDOWS\System32\WS2_32.dll
0x00007ffb107f0000 - 0x00007ffb1081d000 	C:\WINDOWS\SYSTEM32\winmmbase.dll
0x00007ffb15900000 - 0x00007ffb1594a000 	C:\WINDOWS\System32\cfgmgr32.dll
0x00007ffb10510000 - 0x00007ffb1051f000 	C:\Program Files\Android\Android Studio\jre\jre\bin\verify.dll
0x00007ffb0e640000 - 0x00007ffb0e669000 	C:\Program Files\Android\Android Studio\jre\jre\bin\java.dll
0x00007ffb0d390000 - 0x00007ffb0d3a6000 	C:\Program Files\Android\Android Studio\jre\jre\bin\zip.dll
0x00007ffb16a30000 - 0x00007ffb17117000 	C:\WINDOWS\System32\SHELL32.dll
0x00007ffb16910000 - 0x00007ffb169b9000 	C:\WINDOWS\System32\shcore.dll
0x00007ffb15950000 - 0x00007ffb160d1000 	C:\WINDOWS\System32\windows.storage.dll
0x00007ffb15470000 - 0x00007ffb15493000 	C:\WINDOWS\System32\profapi.dll
0x00007ffb154c0000 - 0x00007ffb1550a000 	C:\WINDOWS\System32\powrprof.dll
0x00007ffb15440000 - 0x00007ffb15450000 	C:\WINDOWS\System32\UMPDC.dll
0x00007ffb16650000 - 0x00007ffb166a2000 	C:\WINDOWS\System32\shlwapi.dll
0x00007ffb154a0000 - 0x00007ffb154b1000 	C:\WINDOWS\System32\kernel.appcore.dll
0x00007ffb15570000 - 0x00007ffb15587000 	C:\WINDOWS\System32\cryptsp.dll
0x00007ffb0cc80000 - 0x00007ffb0cc9a000 	C:\Program Files\Android\Android Studio\jre\jre\bin\net.dll
0x00007ffb14c90000 - 0x00007ffb14cf7000 	C:\WINDOWS\system32\mswsock.dll
0x00007ffb02320000 - 0x00007ffb02333000 	C:\Program Files\Android\Android Studio\jre\jre\bin\nio.dll
0x00007ffafaaa0000 - 0x00007ffafaac7000 	C:\Users\11bud\.gradle\native\f6784746aeab05261644944871eae4fe03e0ef1612fff0a4a95f87b438bc6780\windows-amd64\native-platform.dll
0x00007ffb0e140000 - 0x00007ffb0e14d000 	C:\Program Files\Android\Android Studio\jre\jre\bin\management.dll
0x00007ffb14800000 - 0x00007ffb14833000 	C:\WINDOWS\system32\rsaenh.dll
0x00007ffb16330000 - 0x00007ffb16356000 	C:\WINDOWS\System32\bcrypt.dll
0x00007ffb15360000 - 0x00007ffb15385000 	C:\WINDOWS\SYSTEM32\USERENV.dll
0x00007ffb14e60000 - 0x00007ffb14e6c000 	C:\WINDOWS\SYSTEM32\CRYPTBASE.dll
0x00007ffb149a0000 - 0x00007ffb149da000 	C:\WINDOWS\SYSTEM32\IPHLPAPI.DLL
0x00007ffb17730000 - 0x00007ffb17738000 	C:\WINDOWS\System32\NSI.dll
0x00007ffb0e1e0000 - 0x00007ffb0e1f6000 	C:\WINDOWS\SYSTEM32\dhcpcsvc6.DLL
0x00007ffb0e570000 - 0x00007ffb0e58c000 	C:\WINDOWS\SYSTEM32\dhcpcsvc.DLL
0x00007ffb149e0000 - 0x00007ffb14aab000 	C:\WINDOWS\SYSTEM32\DNSAPI.dll
0x00007ffb0f280000 - 0x00007ffb0f28b000 	C:\WINDOWS\SYSTEM32\WINNSI.DLL

VM Arguments:
jvm_args: -Xmx1024m -Dfile.encoding=UTF-8 -Duser.country=ID -Duser.language=en -Duser.variant 
java_command: org.gradle.launcher.daemon.bootstrap.GradleDaemon 6.5
java_class_path (initial): C:\Users\11bud\.gradle\wrapper\dists\gradle-6.5-bin\6nifqtx7604sqp1q6g8wikw7p\gradle-6.5\lib\gradle-launcher-6.5.jar
Launcher Type: SUN_STANDARD

Environment Variables:
PATH=C:\Program Files\Common Files\Oracle\Java\javapath;C:\WINDOWS\system32;C:\WINDOWS;C:\WINDOWS\System32\Wbem;C:\WINDOWS\System32\WindowsPowerShell\v1.0\;C:\WINDOWS\System32\OpenSSH\;C:\Program Files\nodejs\;C:\Users\11bud\AppData\Local\Microsoft\WindowsApps;C:\Users\11bud\AppData\Roaming\npm;C:\Users\11bud\AppData\Local\Programs\Microsoft VS Code\bin;
USERNAME=11bud
OS=Windows_NT
PROCESSOR_IDENTIFIER=Intel64 Family 6 Model 58 Stepping 9, GenuineIntel



---------------  S Y S T E M  ---------------

OS: Windows 10.0 , 64 bit Build 18362 (10.0.18362.1110)

CPU:total 4 (initial active 4) (2 cores per cpu, 2 threads per core) family 6 model 58 stepping 9, cmov, cx8, fxsr, mmx, sse, sse2, sse3, ssse3, sse4.1, sse4.2, popcnt, avx, aes, clmul, erms, ht, tsc, tscinvbit, tscinv

Memory: 4k page, physical 8078980k(309444k free), swap 23564524k(4132k free)

vm_info: OpenJDK 64-Bit Server VM (25.242-b01) for windows-amd64 JRE (1.8.0_242-release-1644-b01), built by "builder" with MS VC++ 10.0 (VS2010)

time: Wed Jan 06 14:23:43 2021
timezone: SE Asia Standard Time
elapsed time: 3 seconds (0d 0h 0m 3s)

