#
# There is insufficient memory for the Java Runtime Environment to continue.
# Native memory allocation (malloc) failed to allocate 784496 bytes for Chunk::new
# Possible reasons:
#   The system is out of physical RAM or swap space
#   The process is running with CompressedOops enabled, and the Java Heap may be blocking the growth of the native heap
# Possible solutions:
#   Reduce memory load on the system
#   Increase physical memory or swap space
#   Check if swap backing store is full
#   Decrease Java heap size (-Xmx/-Xms)
#   Decrease number of Java threads
#   Decrease Java thread stack sizes (-Xss)
#   Set larger code cache with -XX:ReservedCodeCacheSize=
#   JVM is running with Unscaled Compressed Oops mode in which the Java heap is
#     placed in the first 4GB address space. The Java Heap base address is the
#     maximum limit for the native heap growth. Please use -XX:HeapBaseMinAddress
#     to set the Java Heap base and to place the Java Heap above 4GB virtual address.
# This output file may be truncated or incomplete.
#
#  Out of Memory Error (allocation.cpp:389), pid=14248, tid=0x0000000000002008
#
# JRE version: OpenJDK Runtime Environment (8.0_242-b01) (build 1.8.0_242-release-1644-b01)
# Java VM: OpenJDK 64-Bit Server VM (25.242-b01 mixed mode windows-amd64 compressed oops)
# Failed to write core dump. Minidumps are not enabled by default on client versions of Windows
#

---------------  T H R E A D  ---------------

Current thread (0x0000000014dea000):  JavaThread "C2 CompilerThread1" daemon [_thread_in_native, id=8200, stack(0x0000000016510000,0x0000000016610000)]

Stack: [0x0000000016510000,0x0000000016610000]
[error occurred during error reporting (printing stack bounds), id 0xc0000005]

Native frames: (J=compiled Java code, j=interpreted, Vv=VM code, C=native code)


Current CompileTask:
C2:   3181 1560       4       java.net.URLClassLoader$1::run (5 bytes)


---------------  P R O C E S S  ---------------

Java Threads: ( => current thread )
  0x0000000018824800 JavaThread "File lock request listener" [_thread_in_native, id=17556, stack(0x000000001ac30000,0x000000001ad30000)]
  0x0000000018883800 JavaThread "Cache worker for journal cache (C:\Users\11bud\.gradle\caches\journal-1)" [_thread_blocked, id=16688, stack(0x000000001ab30000,0x000000001ac30000)]
  0x0000000018699800 JavaThread "Thread-9" [_thread_blocked, id=17704, stack(0x000000001a830000,0x000000001a930000)]
  0x0000000018690800 JavaThread "Stdin handler" [_thread_blocked, id=19128, stack(0x000000001a730000,0x000000001a830000)]
  0x00000000186c0800 JavaThread "Asynchronous log dispatcher for DefaultDaemonConnection: socket connection from /127.0.0.1:55211 to /127.0.0.1:55212" [_thread_blocked, id=7540, stack(0x000000001a630000,0x000000001a730000)]
  0x00000000186c4000 JavaThread "Daemon worker" [_thread_in_native_trans, id=19080, stack(0x000000001a530000,0x000000001a630000)]
  0x00000000186bb000 JavaThread "Cancel handler" [_thread_blocked, id=332, stack(0x000000001a430000,0x000000001a530000)]
  0x0000000017755000 JavaThread "Handler for socket connection from /127.0.0.1:55211 to /127.0.0.1:55212" [_thread_in_native, id=19012, stack(0x000000001a330000,0x000000001a430000)]
  0x0000000017757800 JavaThread "Daemon" [_thread_blocked, id=19140, stack(0x000000001a030000,0x000000001a130000)]
  0x0000000017750800 JavaThread "Daemon periodic checks" [_thread_blocked, id=7416, stack(0x0000000019f30000,0x000000001a030000)]
  0x00000000185f0800 JavaThread "Incoming local TCP Connector on port 55211" [_thread_in_native, id=14536, stack(0x0000000019cf0000,0x0000000019df0000)]
  0x00000000184de800 JavaThread "Daemon health stats" [_thread_blocked, id=5144, stack(0x00000000196b0000,0x00000000197b0000)]
  0x0000000014e1b000 JavaThread "Service Thread" daemon [_thread_blocked, id=11928, stack(0x0000000016b10000,0x0000000016c10000)]
  0x0000000014e17000 JavaThread "C1 CompilerThread2" daemon [_thread_blocked, id=18060, stack(0x0000000016610000,0x0000000016710000)]
=>0x0000000014dea000 JavaThread "C2 CompilerThread1" daemon [_thread_in_native, id=8200, stack(0x0000000016510000,0x0000000016610000)]
  0x0000000014dc5800 JavaThread "C2 CompilerThread0" daemon [_thread_blocked, id=13224, stack(0x0000000016410000,0x0000000016510000)]
  0x0000000014dc8800 JavaThread "Attach Listener" daemon [_thread_blocked, id=17836, stack(0x0000000016310000,0x0000000016410000)]
  0x0000000014dc7800 JavaThread "Signal Dispatcher" daemon [_thread_blocked, id=18588, stack(0x0000000016210000,0x0000000016310000)]
  0x00000000026ec800 JavaThread "Finalizer" daemon [_thread_blocked, id=18976, stack(0x0000000016010000,0x0000000016110000)]
  0x0000000014da9000 JavaThread "Reference Handler" daemon [_thread_blocked, id=14372, stack(0x0000000015f10000,0x0000000016010000)]
  0x00000000024ed800 JavaThread "main" [_thread_blocked, id=7648, stack(0x00000000024f0000,0x00000000025f0000)]

Other Threads:
  0x0000000014d86000 VMThread [stack: 0x0000000015e10000,0x0000000015f10000] [id=18696]
  0x0000000014e1b800 WatcherThread [stack: 0x0000000016c10000,0x0000000016d10000] [id=19088]

VM state:not at safepoint (normal execution)

VM Mutex/Monitor currently owned by a thread: None

heap address: 0x00000000c0000000, size: 1024 MB, Compressed Oops mode: 32-bit
Narrow klass base: 0x0000000000000000, Narrow klass shift: 3
Compressed class space size: 1073741824 Address: 0x0000000100000000

Heap:
 PSYoungGen      total 36864K, used 11852K [0x00000000eab00000, 0x00000000ed400000, 0x0000000100000000)
  eden space 31744K, 21% used [0x00000000eab00000,0x00000000eb19b340,0x00000000eca00000)
  from space 5120K, 99% used [0x00000000ecf00000,0x00000000ed3f8020,0x00000000ed400000)
  to   space 5120K, 0% used [0x00000000eca00000,0x00000000eca00000,0x00000000ecf00000)
 ParOldGen       total 84992K, used 2733K [0x00000000c0000000, 0x00000000c5300000, 0x00000000eab00000)
  object space 84992K, 3% used [0x00000000c0000000,0x00000000c02ab738,0x00000000c5300000)
 Metaspace       used 15423K, capacity 15966K, committed 16128K, reserved 1062912K
  class space    used 2033K, capacity 2197K, committed 2304K, reserved 1048576K

Card table byte_map: [0x0000000011ab0000,0x0000000011cc0000] byte_map_base: 0x00000000114b0000

Marking Bits: (ParMarkBitMap*) 0x0000000063e8f030
 Begin Bits: [0x0000000012220000, 0x0000000013220000)
 End Bits:   [0x0000000013220000, 0x0000000014220000)

Polling page: 0x0000000000b40000

CodeCache: size=245760Kb used=5417Kb max_used=5425Kb free=240342Kb
 bounds [0x00000000026f0000, 0x0000000002c40000, 0x00000000116f0000]
 total_blobs=1960 nmethods=1569 adapters=304
 compilation: enabled

Compilation events (10 events):
Event: 3.161 Thread 0x0000000014e17000 nmethod 1567 0x0000000002c39b90 code [0x0000000002c39e00, 0x0000000002c3b228]
Event: 3.161 Thread 0x0000000014e17000 1569       3       com.google.common.collect.AbstractIndexedListIterator::next (31 bytes)
Event: 3.161 Thread 0x0000000014e17000 nmethod 1569 0x0000000002c35e10 code [0x0000000002c35fa0, 0x0000000002c363f8]
Event: 3.162 Thread 0x0000000014e17000 1570       3       com.google.common.collect.ImmutableList$Itr::get (9 bytes)
Event: 3.162 Thread 0x0000000014e17000 nmethod 1570 0x0000000002c35990 code [0x0000000002c35b00, 0x0000000002c35d28]
Event: 3.162 Thread 0x0000000014e17000 1571       1       com.google.common.collect.RegularImmutableList::size (5 bytes)
Event: 3.162 Thread 0x0000000014e17000 nmethod 1571 0x0000000002c356d0 code [0x0000000002c35820, 0x0000000002c35930]
Event: 3.164 Thread 0x0000000014dc5800 nmethod 1568 0x0000000002c35290 code [0x0000000002c353e0, 0x0000000002c35598]
Event: 3.178 Thread 0x0000000014e17000 1572       3       java.lang.reflect.Constructor::setConstructorAccessor (21 bytes)
Event: 3.179 Thread 0x0000000014e17000 nmethod 1572 0x0000000002c3e310 code [0x0000000002c3e480, 0x0000000002c3e828]

GC Heap History (8 events):
Event: 1.198 GC heap before
{Heap before GC invocations=1 (full 0):
 PSYoungGen      total 36864K, used 31744K [0x00000000eab00000, 0x00000000ed400000, 0x0000000100000000)
  eden space 31744K, 100% used [0x00000000eab00000,0x00000000eca00000,0x00000000eca00000)
  from space 5120K, 0% used [0x00000000ecf00000,0x00000000ecf00000,0x00000000ed400000)
  to   space 5120K, 0% used [0x00000000eca00000,0x00000000eca00000,0x00000000ecf00000)
 ParOldGen       total 84992K, used 0K [0x00000000c0000000, 0x00000000c5300000, 0x00000000eab00000)
  object space 84992K, 0% used [0x00000000c0000000,0x00000000c0000000,0x00000000c5300000)
 Metaspace       used 7533K, capacity 7774K, committed 8064K, reserved 1056768K
  class space    used 928K, capacity 1037K, committed 1152K, reserved 1048576K
Event: 1.207 GC heap after
Heap after GC invocations=1 (full 0):
 PSYoungGen      total 36864K, used 4435K [0x00000000eab00000, 0x00000000ed400000, 0x0000000100000000)
  eden space 31744K, 0% used [0x00000000eab00000,0x00000000eab00000,0x00000000eca00000)
  from space 5120K, 86% used [0x00000000eca00000,0x00000000ece54f80,0x00000000ecf00000)
  to   space 5120K, 0% used [0x00000000ecf00000,0x00000000ecf00000,0x00000000ed400000)
 ParOldGen       total 84992K, used 8K [0x00000000c0000000, 0x00000000c5300000, 0x00000000eab00000)
  object space 84992K, 0% used [0x00000000c0000000,0x00000000c0002000,0x00000000c5300000)
 Metaspace       used 7533K, capacity 7774K, committed 8064K, reserved 1056768K
  class space    used 928K, capacity 1037K, committed 1152K, reserved 1048576K
}
Event: 1.529 GC heap before
{Heap before GC invocations=2 (full 0):
 PSYoungGen      total 36864K, used 36179K [0x00000000eab00000, 0x00000000ed400000, 0x0000000100000000)
  eden space 31744K, 100% used [0x00000000eab00000,0x00000000eca00000,0x00000000eca00000)
  from space 5120K, 86% used [0x00000000eca00000,0x00000000ece54f80,0x00000000ecf00000)
  to   space 5120K, 0% used [0x00000000ecf00000,0x00000000ecf00000,0x00000000ed400000)
 ParOldGen       total 84992K, used 8K [0x00000000c0000000, 0x00000000c5300000, 0x00000000eab00000)
  object space 84992K, 0% used [0x00000000c0000000,0x00000000c0002000,0x00000000c5300000)
 Metaspace       used 7722K, capacity 7966K, committed 8320K, reserved 1056768K
  class space    used 937K, capacity 1037K, committed 1152K, reserved 1048576K
Event: 1.533 GC heap after
Heap after GC invocations=2 (full 0):
 PSYoungGen      total 36864K, used 3246K [0x00000000eab00000, 0x00000000ed400000, 0x0000000100000000)
  eden space 31744K, 0% used [0x00000000eab00000,0x00000000eab00000,0x00000000eca00000)
  from space 5120K, 63% used [0x00000000ecf00000,0x00000000ed22b800,0x00000000ed400000)
  to   space 5120K, 0% used [0x00000000eca00000,0x00000000eca00000,0x00000000ecf00000)
 ParOldGen       total 84992K, used 16K [0x00000000c0000000, 0x00000000c5300000, 0x00000000eab00000)
  object space 84992K, 0% used [0x00000000c0000000,0x00000000c0004000,0x00000000c5300000)
 Metaspace       used 7722K, capacity 7966K, committed 8320K, reserved 1056768K
  class space    used 937K, capacity 1037K, committed 1152K, reserved 1048576K
}
Event: 2.519 GC heap before
{Heap before GC invocations=3 (full 0):
 PSYoungGen      total 36864K, used 34990K [0x00000000eab00000, 0x00000000ed400000, 0x0000000100000000)
  eden space 31744K, 100% used [0x00000000eab00000,0x00000000eca00000,0x00000000eca00000)
  from space 5120K, 63% used [0x00000000ecf00000,0x00000000ed22b800,0x00000000ed400000)
  to   space 5120K, 0% used [0x00000000eca00000,0x00000000eca00000,0x00000000ecf00000)
 ParOldGen       total 84992K, used 16K [0x00000000c0000000, 0x00000000c5300000, 0x00000000eab00000)
  object space 84992K, 0% used [0x00000000c0000000,0x00000000c0004000,0x00000000c5300000)
 Metaspace       used 11200K, capacity 11498K, committed 11648K, reserved 1058816K
  class space    used 1479K, capacity 1575K, committed 1664K, reserved 1048576K
Event: 2.527 GC heap after
Heap after GC invocations=3 (full 0):
 PSYoungGen      total 36864K, used 5088K [0x00000000eab00000, 0x00000000ed400000, 0x0000000100000000)
  eden space 31744K, 0% used [0x00000000eab00000,0x00000000eab00000,0x00000000eca00000)
  from space 5120K, 99% used [0x00000000eca00000,0x00000000ecef8020,0x00000000ecf00000)
  to   space 5120K, 0% used [0x00000000ecf00000,0x00000000ecf00000,0x00000000ed400000)
 ParOldGen       total 84992K, used 608K [0x00000000c0000000, 0x00000000c5300000, 0x00000000eab00000)
  object space 84992K, 0% used [0x00000000c0000000,0x00000000c0098330,0x00000000c5300000)
 Metaspace       used 11200K, capacity 11498K, committed 11648K, reserved 1058816K
  class space    used 1479K, capacity 1575K, committed 1664K, reserved 1048576K
}
Event: 3.082 GC heap before
{Heap before GC invocations=4 (full 0):
 PSYoungGen      total 36864K, used 36832K [0x00000000eab00000, 0x00000000ed400000, 0x0000000100000000)
  eden space 31744K, 100% used [0x00000000eab00000,0x00000000eca00000,0x00000000eca00000)
  from space 5120K, 99% used [0x00000000eca00000,0x00000000ecef8020,0x00000000ecf00000)
  to   space 5120K, 0% used [0x00000000ecf00000,0x00000000ecf00000,0x00000000ed400000)
 ParOldGen       total 84992K, used 608K [0x00000000c0000000, 0x00000000c5300000, 0x00000000eab00000)
  object space 84992K, 0% used [0x00000000c0000000,0x00000000c0098330,0x00000000c5300000)
 Metaspace       used 14318K, capacity 14802K, committed 14976K, reserved 1062912K
  class space    used 1969K, capacity 2131K, committed 2176K, reserved 1048576K
Event: 3.092 GC heap after
Heap after GC invocations=4 (full 0):
 PSYoungGen      total 36864K, used 5088K [0x00000000eab00000, 0x00000000ed400000, 0x0000000100000000)
  eden space 31744K, 0% used [0x00000000eab00000,0x00000000eab00000,0x00000000eca00000)
  from space 5120K, 99% used [0x00000000ecf00000,0x00000000ed3f8020,0x00000000ed400000)
  to   space 5120K, 0% used [0x00000000eca00000,0x00000000eca00000,0x00000000ecf00000)
 ParOldGen       total 84992K, used 2733K [0x00000000c0000000, 0x00000000c5300000, 0x00000000eab00000)
  object space 84992K, 3% used [0x00000000c0000000,0x00000000c02ab738,0x00000000c5300000)
 Metaspace       used 14318K, capacity 14802K, committed 14976K, reserved 1062912K
  class space    used 1969K, capacity 2131K, committed 2176K, reserved 1048576K
}

Deoptimization events (10 events):
Event: 2.613 Thread 0x0000000017755000 Uncommon trap: reason=unstable_if action=reinterpret pc=0x0000000002b0285c method=java.util.concurrent.ConcurrentHashMap.putVal(Ljava/lang/Object;Ljava/lang/Object;Z)Ljava/lang/Object; @ 206
Event: 2.644 Thread 0x0000000017755000 Uncommon trap: reason=unstable_if action=reinterpret pc=0x0000000002a10c54 method=java.lang.String.substring(I)Ljava/lang/String; @ 35
Event: 2.714 Thread 0x00000000186c4000 Uncommon trap: reason=bimorphic action=maybe_recompile pc=0x000000000297f60c method=java.util.HashMap.putVal(ILjava/lang/Object;Ljava/lang/Object;ZZ)Ljava/lang/Object; @ 253
Event: 2.714 Thread 0x00000000186c4000 Uncommon trap: reason=bimorphic action=maybe_recompile pc=0x000000000297f60c method=java.util.HashMap.putVal(ILjava/lang/Object;Ljava/lang/Object;ZZ)Ljava/lang/Object; @ 253
Event: 2.714 Thread 0x00000000186c4000 Uncommon trap: reason=bimorphic action=maybe_recompile pc=0x000000000297f60c method=java.util.HashMap.putVal(ILjava/lang/Object;Ljava/lang/Object;ZZ)Ljava/lang/Object; @ 253
Event: 2.714 Thread 0x00000000186c4000 Uncommon trap: reason=bimorphic action=maybe_recompile pc=0x000000000297f60c method=java.util.HashMap.putVal(ILjava/lang/Object;Ljava/lang/Object;ZZ)Ljava/lang/Object; @ 253
Event: 3.047 Thread 0x00000000186c4000 Uncommon trap: reason=class_check action=maybe_recompile pc=0x0000000002a32498 method=java.util.regex.Matcher.match(II)Z @ 86
Event: 3.065 Thread 0x00000000186c4000 Uncommon trap: reason=class_check action=maybe_recompile pc=0x0000000002a32498 method=java.util.regex.Matcher.match(II)Z @ 86
Event: 3.065 Thread 0x00000000186c4000 Uncommon trap: reason=class_check action=maybe_recompile pc=0x0000000002a32498 method=java.util.regex.Matcher.match(II)Z @ 86
Event: 3.066 Thread 0x00000000186c4000 Uncommon trap: reason=class_check action=maybe_recompile pc=0x00000000028bd44c method=java.util.regex.Matcher.match(II)Z @ 86

Classes redefined (0 events):
No events

Internal exceptions (10 events):
Event: 2.620 Thread 0x0000000017755000 Exception <a 'java/lang/NoSuchMethodError': <clinit>> (0x00000000ead5c150) thrown at [C:\src\AOSP-openjdk-git\hotspot\src\share\vm\prims\jni.cpp, line 1615]
Event: 2.623 Thread 0x0000000017755000 Exception <a 'java/lang/NoSuchMethodError': <clinit>> (0x00000000ead6ea58) thrown at [C:\src\AOSP-openjdk-git\hotspot\src\share\vm\prims\jni.cpp, line 1615]
Event: 2.627 Thread 0x0000000017755000 Exception <a 'java/lang/NoSuchMethodError': <clinit>> (0x00000000ead95de8) thrown at [C:\src\AOSP-openjdk-git\hotspot\src\share\vm\prims\jni.cpp, line 1615]
Event: 2.630 Thread 0x0000000017755000 Exception <a 'java/lang/NoSuchMethodError': <clinit>> (0x00000000eadad908) thrown at [C:\src\AOSP-openjdk-git\hotspot\src\share\vm\prims\jni.cpp, line 1615]
Event: 2.631 Thread 0x0000000017755000 Exception <a 'java/lang/NoSuchMethodError': <clinit>> (0x00000000eadb64a8) thrown at [C:\src\AOSP-openjdk-git\hotspot\src\share\vm\prims\jni.cpp, line 1615]
Event: 2.636 Thread 0x0000000017755000 Exception <a 'java/lang/NoSuchMethodError': <clinit>> (0x00000000eadcc888) thrown at [C:\src\AOSP-openjdk-git\hotspot\src\share\vm\prims\jni.cpp, line 1615]
Event: 2.654 Thread 0x0000000017755000 Exception <a 'java/lang/NoSuchMethodError': <clinit>> (0x00000000eae46578) thrown at [C:\src\AOSP-openjdk-git\hotspot\src\share\vm\prims\jni.cpp, line 1615]
Event: 2.660 Thread 0x0000000017755000 Exception <a 'java/lang/NoSuchMethodError': <clinit>> (0x00000000eae75c38) thrown at [C:\src\AOSP-openjdk-git\hotspot\src\share\vm\prims\jni.cpp, line 1615]
Event: 2.668 Thread 0x0000000017755000 Exception <a 'java/lang/NoSuchMethodError': <clinit>> (0x00000000eaea41b8) thrown at [C:\src\AOSP-openjdk-git\hotspot\src\share\vm\prims\jni.cpp, line 1615]
Event: 2.669 Thread 0x0000000017755000 Exception <a 'java/lang/NoSuchMethodError': <clinit>> (0x00000000eaeb0630) thrown at [C:\src\AOSP-openjdk-git\hotspot\src\share\vm\prims\jni.cpp, line 1615]

Events (10 events):
Event: 3.178 loading class sun/security/provider/SHA2 done
Event: 3.178 loading class sun/security/provider/SHA2$SHA256 done
Event: 3.178 loading class sun/security/provider/SHA5$SHA512
Event: 3.178 loading class sun/security/provider/SHA5
Event: 3.179 loading class sun/security/provider/SHA5 done
Event: 3.179 loading class sun/security/provider/SHA5$SHA512 done
Event: 3.179 loading class org/gradle/internal/hash/Hashing$DefaultHasher
Event: 3.179 loading class org/gradle/internal/hash/Hashing$DefaultHasher done
Event: 3.179 loading class org/gradle/internal/hash/Hashing$MessageDigestHasher
Event: 3.179 loading class org/gradle/internal/hash/Hashing$MessageDigestHasher done


Dynamic libraries:
0x00007ff7594d0000 - 0x00007ff759501000 	C:\Program Files\Android\Android Studio\jre\bin\java.exe
0x00007ffb185a0000 - 0x00007ffb18790000 	C:\WINDOWS\SYSTEM32\ntdll.dll
0x00007ffb17e90000 - 0x00007ffb17f42000 	C:\WINDOWS\System32\KERNEL32.DLL
0x00007ffb15650000 - 0x00007ffb158f5000 	C:\WINDOWS\System32\KERNELBASE.dll
0x00007ffb166b0000 - 0x00007ffb16753000 	C:\WINDOWS\System32\ADVAPI32.dll
0x00007ffb18020000 - 0x00007ffb180be000 	C:\WINDOWS\System32\msvcrt.dll
0x00007ffb17590000 - 0x00007ffb17627000 	C:\WINDOWS\System32\sechost.dll
0x00007ffb17c30000 - 0x00007ffb17d50000 	C:\WINDOWS\System32\RPCRT4.dll
0x00007ffb183a0000 - 0x00007ffb18534000 	C:\WINDOWS\System32\USER32.dll
0x00007ffb15590000 - 0x00007ffb155b1000 	C:\WINDOWS\System32\win32u.dll
0x00007ffb16790000 - 0x00007ffb167b6000 	C:\WINDOWS\System32\GDI32.dll
0x00007ffb164b0000 - 0x00007ffb16646000 	C:\WINDOWS\System32\gdi32full.dll
0x00007ffb16290000 - 0x00007ffb1632e000 	C:\WINDOWS\System32\msvcp_win.dll
0x00007ffb16190000 - 0x00007ffb1628a000 	C:\WINDOWS\System32\ucrtbase.dll
0x00007ffb0a6b0000 - 0x00007ffb0a934000 	C:\WINDOWS\WinSxS\amd64_microsoft.windows.common-controls_6595b64144ccf1df_6.0.18362.1256_none_9e7e379be45e40e2\COMCTL32.dll
0x00007ffb17740000 - 0x00007ffb17a76000 	C:\WINDOWS\System32\combase.dll
0x00007ffb155c0000 - 0x00007ffb15641000 	C:\WINDOWS\System32\bcryptPrimitives.dll
0x00007ffb16760000 - 0x00007ffb1678e000 	C:\WINDOWS\System32\IMM32.DLL
0x00000000645f0000 - 0x00000000646c2000 	C:\Program Files\Android\Android Studio\jre\jre\bin\msvcr100.dll
0x00000000636c0000 - 0x0000000063f0b000 	C:\Program Files\Android\Android Studio\jre\jre\bin\server\jvm.dll
0x00007ffb17720000 - 0x00007ffb17728000 	C:\WINDOWS\System32\PSAPI.DLL
0x00007ffb0d210000 - 0x00007ffb0d219000 	C:\WINDOWS\SYSTEM32\WSOCK32.dll
0x00007ffb10820000 - 0x00007ffb10844000 	C:\WINDOWS\SYSTEM32\WINMM.dll
0x00007ffb180c0000 - 0x00007ffb1812f000 	C:\WINDOWS\System32\WS2_32.dll
0x00007ffb0e170000 - 0x00007ffb0e17a000 	C:\WINDOWS\SYSTEM32\VERSION.dll
0x00007ffb107f0000 - 0x00007ffb1081d000 	C:\WINDOWS\SYSTEM32\WINMMBASE.dll
0x00007ffb15900000 - 0x00007ffb1594a000 	C:\WINDOWS\System32\cfgmgr32.dll
0x00007ffb10510000 - 0x00007ffb1051f000 	C:\Program Files\Android\Android Studio\jre\jre\bin\verify.dll
0x00007ffb0e640000 - 0x00007ffb0e669000 	C:\Program Files\Android\Android Studio\jre\jre\bin\java.dll
0x00007ffb0d390000 - 0x00007ffb0d3a6000 	C:\Program Files\Android\Android Studio\jre\jre\bin\zip.dll
0x00007ffb16a30000 - 0x00007ffb17117000 	C:\WINDOWS\System32\SHELL32.dll
0x00007ffb16910000 - 0x00007ffb169b9000 	C:\WINDOWS\System32\shcore.dll
0x00007ffb15950000 - 0x00007ffb160d1000 	C:\WINDOWS\System32\windows.storage.dll
0x00007ffb15470000 - 0x00007ffb15493000 	C:\WINDOWS\System32\profapi.dll
0x00007ffb154c0000 - 0x00007ffb1550a000 	C:\WINDOWS\System32\powrprof.dll
0x00007ffb15440000 - 0x00007ffb15450000 	C:\WINDOWS\System32\UMPDC.dll
0x00007ffb16650000 - 0x00007ffb166a2000 	C:\WINDOWS\System32\shlwapi.dll
0x00007ffb154a0000 - 0x00007ffb154b1000 	C:\WINDOWS\System32\kernel.appcore.dll
0x00007ffb15570000 - 0x00007ffb15587000 	C:\WINDOWS\System32\cryptsp.dll
0x00007ffb0cc80000 - 0x00007ffb0cc9a000 	C:\Program Files\Android\Android Studio\jre\jre\bin\net.dll
0x00007ffb14c90000 - 0x00007ffb14cf7000 	C:\WINDOWS\system32\mswsock.dll
0x00007ffb02320000 - 0x00007ffb02333000 	C:\Program Files\Android\Android Studio\jre\jre\bin\nio.dll
0x00007ffafaaa0000 - 0x00007ffafaac7000 	C:\Users\11bud\.gradle\native\f6784746aeab05261644944871eae4fe03e0ef1612fff0a4a95f87b438bc6780\windows-amd64\native-platform.dll
0x00007ffb0e140000 - 0x00007ffb0e14d000 	C:\Program Files\Android\Android Studio\jre\jre\bin\management.dll
0x00007ffb14800000 - 0x00007ffb14833000 	C:\WINDOWS\system32\rsaenh.dll
0x00007ffb16330000 - 0x00007ffb16356000 	C:\WINDOWS\System32\bcrypt.dll
0x00007ffb15360000 - 0x00007ffb15385000 	C:\WINDOWS\SYSTEM32\USERENV.dll
0x00007ffb14e60000 - 0x00007ffb14e6c000 	C:\WINDOWS\SYSTEM32\CRYPTBASE.dll
0x00007ffb149a0000 - 0x00007ffb149da000 	C:\WINDOWS\SYSTEM32\IPHLPAPI.DLL
0x00007ffb17730000 - 0x00007ffb17738000 	C:\WINDOWS\System32\NSI.dll
0x00007ffb0e1e0000 - 0x00007ffb0e1f6000 	C:\WINDOWS\SYSTEM32\dhcpcsvc6.DLL
0x00007ffb0e570000 - 0x00007ffb0e58c000 	C:\WINDOWS\SYSTEM32\dhcpcsvc.DLL
0x00007ffb149e0000 - 0x00007ffb14aab000 	C:\WINDOWS\SYSTEM32\DNSAPI.dll
0x00007ffb0f280000 - 0x00007ffb0f28b000 	C:\WINDOWS\SYSTEM32\WINNSI.DLL

VM Arguments:
jvm_args: -Xmx1024m -Dfile.encoding=UTF-8 -Duser.country=ID -Duser.language=en -Duser.variant 
java_command: org.gradle.launcher.daemon.bootstrap.GradleDaemon 6.5
java_class_path (initial): C:\Users\11bud\.gradle\wrapper\dists\gradle-6.5-bin\6nifqtx7604sqp1q6g8wikw7p\gradle-6.5\lib\gradle-launcher-6.5.jar
Launcher Type: SUN_STANDARD

Environment Variables:
PATH=C:\Program Files\Common Files\Oracle\Java\javapath;C:\WINDOWS\system32;C:\WINDOWS;C:\WINDOWS\System32\Wbem;C:\WINDOWS\System32\WindowsPowerShell\v1.0\;C:\WINDOWS\System32\OpenSSH\;C:\Program Files\nodejs\;C:\Users\11bud\AppData\Local\Microsoft\WindowsApps;C:\Users\11bud\AppData\Roaming\npm;C:\Users\11bud\AppData\Local\Programs\Microsoft VS Code\bin;
USERNAME=11bud
OS=Windows_NT
PROCESSOR_IDENTIFIER=Intel64 Family 6 Model 58 Stepping 9, GenuineIntel



---------------  S Y S T E M  ---------------

OS: Windows 10.0 , 64 bit Build 18362 (10.0.18362.1110)

CPU:total 4 (initial active 4) (2 cores per cpu, 2 threads per core) family 6 model 58 stepping 9, cmov, cx8, fxsr, mmx, sse, sse2, sse3, ssse3, sse4.1, sse4.2, popcnt, avx, aes, clmul, erms, ht, tsc, tscinvbit, tscinv

Memory: 4k page, physical 8078980k(710996k free), swap 23564524k(4120k free)

vm_info: OpenJDK 64-Bit Server VM (25.242-b01) for windows-amd64 JRE (1.8.0_242-release-1644-b01), built by "builder" with MS VC++ 10.0 (VS2010)

time: Wed Jan 06 14:31:09 2021
timezone: SE Asia Standard Time
elapsed time: 3 seconds (0d 0h 0m 3s)

